<?xml version="1.0" encoding="UTF-8"?>
<testsuite name="test.UserTest" tests="2" skipped="0" failures="2" errors="0" timestamp="2019-11-13T00:23:05" hostname="DESKTOP-CCEH90N" time="123.179">
  <properties/>
  <testcase name="test" classname="test.UserTest" time="61.613">
    <failure message="javax.persistence.PersistenceException: org.hibernate.exception.GenericJDBCException: Unable to acquire JDBC Connection" type="javax.persistence.PersistenceException">javax.persistence.PersistenceException: org.hibernate.exception.GenericJDBCException: Unable to acquire JDBC Connection
	at org.hibernate.internal.ExceptionConverterImpl.convert(ExceptionConverterImpl.java:147)
	at org.hibernate.internal.ExceptionConverterImpl.convert(ExceptionConverterImpl.java:174)
	at org.hibernate.internal.SessionImpl.find(SessionImpl.java:3357)
	at org.hibernate.internal.SessionImpl.find(SessionImpl.java:3297)
	at test.UserTest.setup(UserTest.java:26)
	at sun.reflect.NativeMethodAccessorImpl.invoke0(Native Method)
	at sun.reflect.NativeMethodAccessorImpl.invoke(NativeMethodAccessorImpl.java:62)
	at sun.reflect.DelegatingMethodAccessorImpl.invoke(DelegatingMethodAccessorImpl.java:43)
	at java.lang.reflect.Method.invoke(Method.java:498)
	at org.junit.runners.model.FrameworkMethod$1.runReflectiveCall(FrameworkMethod.java:50)
	at org.junit.internal.runners.model.ReflectiveCallable.run(ReflectiveCallable.java:12)
	at org.junit.runners.model.FrameworkMethod.invokeExplosively(FrameworkMethod.java:47)
	at org.junit.internal.runners.statements.RunBefores.evaluate(RunBefores.java:24)
	at org.junit.internal.runners.statements.RunAfters.evaluate(RunAfters.java:27)
	at org.junit.runners.ParentRunner.runLeaf(ParentRunner.java:325)
	at org.junit.runners.BlockJUnit4ClassRunner.runChild(BlockJUnit4ClassRunner.java:78)
	at org.junit.runners.BlockJUnit4ClassRunner.runChild(BlockJUnit4ClassRunner.java:57)
	at org.junit.runners.ParentRunner$3.run(ParentRunner.java:290)
	at org.junit.runners.ParentRunner$1.schedule(ParentRunner.java:71)
	at org.junit.runners.ParentRunner.runChildren(ParentRunner.java:288)
	at org.junit.runners.ParentRunner.access$000(ParentRunner.java:58)
	at org.junit.runners.ParentRunner$2.evaluate(ParentRunner.java:268)
	at org.junit.runners.ParentRunner.run(ParentRunner.java:363)
	at org.gradle.api.internal.tasks.testing.junit.JUnitTestClassExecuter.runTestClass(JUnitTestClassExecuter.java:114)
	at org.gradle.api.internal.tasks.testing.junit.JUnitTestClassExecuter.execute(JUnitTestClassExecuter.java:57)
	at org.gradle.api.internal.tasks.testing.junit.JUnitTestClassProcessor.processTestClass(JUnitTestClassProcessor.java:66)
	at org.gradle.api.internal.tasks.testing.SuiteTestClassProcessor.processTestClass(SuiteTestClassProcessor.java:51)
	at sun.reflect.NativeMethodAccessorImpl.invoke0(Native Method)
	at sun.reflect.NativeMethodAccessorImpl.invoke(NativeMethodAccessorImpl.java:62)
	at sun.reflect.DelegatingMethodAccessorImpl.invoke(DelegatingMethodAccessorImpl.java:43)
	at java.lang.reflect.Method.invoke(Method.java:498)
	at org.gradle.internal.dispatch.ReflectionDispatch.dispatch(ReflectionDispatch.java:35)
	at org.gradle.internal.dispatch.ReflectionDispatch.dispatch(ReflectionDispatch.java:24)
	at org.gradle.internal.dispatch.ContextClassLoaderDispatch.dispatch(ContextClassLoaderDispatch.java:32)
	at org.gradle.internal.dispatch.ProxyDispatchAdapter$DispatchingInvocationHandler.invoke(ProxyDispatchAdapter.java:93)
	at com.sun.proxy.$Proxy2.processTestClass(Unknown Source)
	at org.gradle.api.internal.tasks.testing.worker.TestWorker.processTestClass(TestWorker.java:109)
	at sun.reflect.NativeMethodAccessorImpl.invoke0(Native Method)
	at sun.reflect.NativeMethodAccessorImpl.invoke(NativeMethodAccessorImpl.java:62)
	at sun.reflect.DelegatingMethodAccessorImpl.invoke(DelegatingMethodAccessorImpl.java:43)
	at java.lang.reflect.Method.invoke(Method.java:498)
	at org.gradle.internal.dispatch.ReflectionDispatch.dispatch(ReflectionDispatch.java:35)
	at org.gradle.internal.dispatch.ReflectionDispatch.dispatch(ReflectionDispatch.java:24)
	at org.gradle.internal.remote.internal.hub.MessageHubBackedObjectConnection$DispatchWrapper.dispatch(MessageHubBackedObjectConnection.java:147)
	at org.gradle.internal.remote.internal.hub.MessageHubBackedObjectConnection$DispatchWrapper.dispatch(MessageHubBackedObjectConnection.java:129)
	at org.gradle.internal.remote.internal.hub.MessageHub$Handler.run(MessageHub.java:404)
	at org.gradle.internal.concurrent.ExecutorPolicy$CatchAndRecordFailures.onExecute(ExecutorPolicy.java:63)
	at org.gradle.internal.concurrent.StoppableExecutorImpl$1.run(StoppableExecutorImpl.java:46)
	at java.util.concurrent.ThreadPoolExecutor.runWorker(ThreadPoolExecutor.java:1149)
	at java.util.concurrent.ThreadPoolExecutor$Worker.run(ThreadPoolExecutor.java:624)
	at java.lang.Thread.run(Thread.java:748)
Caused by: org.hibernate.exception.GenericJDBCException: Unable to acquire JDBC Connection
	at org.hibernate.exception.internal.StandardSQLExceptionConverter.convert(StandardSQLExceptionConverter.java:47)
	at org.hibernate.engine.jdbc.spi.SqlExceptionHelper.convert(SqlExceptionHelper.java:111)
	at org.hibernate.engine.jdbc.spi.SqlExceptionHelper.convert(SqlExceptionHelper.java:97)
	at org.hibernate.resource.jdbc.internal.LogicalConnectionManagedImpl.acquireConnectionIfNeeded(LogicalConnectionManagedImpl.java:102)
	at org.hibernate.resource.jdbc.internal.LogicalConnectionManagedImpl.getPhysicalConnection(LogicalConnectionManagedImpl.java:129)
	at org.hibernate.engine.jdbc.internal.StatementPreparerImpl.connection(StatementPreparerImpl.java:47)
	at org.hibernate.engine.jdbc.internal.StatementPreparerImpl$5.doPrepare(StatementPreparerImpl.java:146)
	at org.hibernate.engine.jdbc.internal.StatementPreparerImpl$StatementPreparationTemplate.prepareStatement(StatementPreparerImpl.java:172)
	at org.hibernate.engine.jdbc.internal.StatementPreparerImpl.prepareQueryStatement(StatementPreparerImpl.java:148)
	at org.hibernate.loader.plan.exec.internal.AbstractLoadPlanBasedLoader.prepareQueryStatement(AbstractLoadPlanBasedLoader.java:241)
	at org.hibernate.loader.plan.exec.internal.AbstractLoadPlanBasedLoader.executeQueryStatement(AbstractLoadPlanBasedLoader.java:185)
	at org.hibernate.loader.plan.exec.internal.AbstractLoadPlanBasedLoader.executeLoad(AbstractLoadPlanBasedLoader.java:121)
	at org.hibernate.loader.plan.exec.internal.AbstractLoadPlanBasedLoader.executeLoad(AbstractLoadPlanBasedLoader.java:86)
	at org.hibernate.loader.entity.plan.AbstractLoadPlanBasedEntityLoader.load(AbstractLoadPlanBasedEntityLoader.java:167)
	at org.hibernate.persister.entity.AbstractEntityPersister.load(AbstractEntityPersister.java:4004)
	at org.hibernate.event.internal.DefaultLoadEventListener.loadFromDatasource(DefaultLoadEventListener.java:508)
	at org.hibernate.event.internal.DefaultLoadEventListener.doLoad(DefaultLoadEventListener.java:478)
	at org.hibernate.event.internal.DefaultLoadEventListener.load(DefaultLoadEventListener.java:219)
	at org.hibernate.event.internal.DefaultLoadEventListener.proxyOrLoad(DefaultLoadEventListener.java:278)
	at org.hibernate.event.internal.DefaultLoadEventListener.doOnLoad(DefaultLoadEventListener.java:121)
	at org.hibernate.event.internal.DefaultLoadEventListener.onLoad(DefaultLoadEventListener.java:89)
	at org.hibernate.internal.SessionImpl.fireLoad(SessionImpl.java:1213)
	at org.hibernate.internal.SessionImpl.access$1900(SessionImpl.java:203)
	at org.hibernate.internal.SessionImpl$IdentifierLoadAccessImpl.doLoad(SessionImpl.java:2753)
	at org.hibernate.internal.SessionImpl$IdentifierLoadAccessImpl.load(SessionImpl.java:2727)
	at org.hibernate.internal.SessionImpl.find(SessionImpl.java:3333)
	... 48 more
Caused by: java.sql.SQLException: Connections could not be acquired from the underlying database!
	at com.mchange.v2.sql.SqlUtils.toSQLException(SqlUtils.java:118)
	at com.mchange.v2.c3p0.impl.C3P0PooledConnectionPool.checkoutPooledConnection(C3P0PooledConnectionPool.java:689)
	at com.mchange.v2.c3p0.impl.AbstractPoolBackedDataSource.getConnection(AbstractPoolBackedDataSource.java:140)
	at org.hibernate.c3p0.internal.C3P0ConnectionProvider.getConnection(C3P0ConnectionProvider.java:73)
	at org.hibernate.internal.NonContextualJdbcConnectionAccess.obtainConnection(NonContextualJdbcConnectionAccess.java:35)
	at org.hibernate.resource.jdbc.internal.LogicalConnectionManagedImpl.acquireConnectionIfNeeded(LogicalConnectionManagedImpl.java:99)
	... 70 more
Caused by: com.mchange.v2.resourcepool.CannotAcquireResourceException: A ResourcePool could not acquire a resource from its primary factory or source.
	at com.mchange.v2.resourcepool.BasicResourcePool.awaitAvailable(BasicResourcePool.java:1418)
	at com.mchange.v2.resourcepool.BasicResourcePool.prelimCheckoutResource(BasicResourcePool.java:606)
	at com.mchange.v2.resourcepool.BasicResourcePool.checkoutResource(BasicResourcePool.java:526)
	at com.mchange.v2.c3p0.impl.C3P0PooledConnectionPool.checkoutAndMarkConnectionInUse(C3P0PooledConnectionPool.java:755)
	at com.mchange.v2.c3p0.impl.C3P0PooledConnectionPool.checkoutPooledConnection(C3P0PooledConnectionPool.java:682)
	... 74 more
</failure>
  </testcase>
  <testcase name="userExistsAndHasValuesTest" classname="test.UserTest" time="61.565">
    <failure message="javax.persistence.PersistenceException: org.hibernate.exception.GenericJDBCException: Unable to acquire JDBC Connection" type="javax.persistence.PersistenceException">javax.persistence.PersistenceException: org.hibernate.exception.GenericJDBCException: Unable to acquire JDBC Connection
	at org.hibernate.internal.ExceptionConverterImpl.convert(ExceptionConverterImpl.java:147)
	at org.hibernate.internal.ExceptionConverterImpl.convert(ExceptionConverterImpl.java:174)
	at org.hibernate.internal.SessionImpl.find(SessionImpl.java:3357)
	at org.hibernate.internal.SessionImpl.find(SessionImpl.java:3297)
	at test.UserTest.setup(UserTest.java:26)
	at sun.reflect.NativeMethodAccessorImpl.invoke0(Native Method)
	at sun.reflect.NativeMethodAccessorImpl.invoke(NativeMethodAccessorImpl.java:62)
	at sun.reflect.DelegatingMethodAccessorImpl.invoke(DelegatingMethodAccessorImpl.java:43)
	at java.lang.reflect.Method.invoke(Method.java:498)
	at org.junit.runners.model.FrameworkMethod$1.runReflectiveCall(FrameworkMethod.java:50)
	at org.junit.internal.runners.model.ReflectiveCallable.run(ReflectiveCallable.java:12)
	at org.junit.runners.model.FrameworkMethod.invokeExplosively(FrameworkMethod.java:47)
	at org.junit.internal.runners.statements.RunBefores.evaluate(RunBefores.java:24)
	at org.junit.internal.runners.statements.RunAfters.evaluate(RunAfters.java:27)
	at org.junit.runners.ParentRunner.runLeaf(ParentRunner.java:325)
	at org.junit.runners.BlockJUnit4ClassRunner.runChild(BlockJUnit4ClassRunner.java:78)
	at org.junit.runners.BlockJUnit4ClassRunner.runChild(BlockJUnit4ClassRunner.java:57)
	at org.junit.runners.ParentRunner$3.run(ParentRunner.java:290)
	at org.junit.runners.ParentRunner$1.schedule(ParentRunner.java:71)
	at org.junit.runners.ParentRunner.runChildren(ParentRunner.java:288)
	at org.junit.runners.ParentRunner.access$000(ParentRunner.java:58)
	at org.junit.runners.ParentRunner$2.evaluate(ParentRunner.java:268)
	at org.junit.runners.ParentRunner.run(ParentRunner.java:363)
	at org.gradle.api.internal.tasks.testing.junit.JUnitTestClassExecuter.runTestClass(JUnitTestClassExecuter.java:114)
	at org.gradle.api.internal.tasks.testing.junit.JUnitTestClassExecuter.execute(JUnitTestClassExecuter.java:57)
	at org.gradle.api.internal.tasks.testing.junit.JUnitTestClassProcessor.processTestClass(JUnitTestClassProcessor.java:66)
	at org.gradle.api.internal.tasks.testing.SuiteTestClassProcessor.processTestClass(SuiteTestClassProcessor.java:51)
	at sun.reflect.NativeMethodAccessorImpl.invoke0(Native Method)
	at sun.reflect.NativeMethodAccessorImpl.invoke(NativeMethodAccessorImpl.java:62)
	at sun.reflect.DelegatingMethodAccessorImpl.invoke(DelegatingMethodAccessorImpl.java:43)
	at java.lang.reflect.Method.invoke(Method.java:498)
	at org.gradle.internal.dispatch.ReflectionDispatch.dispatch(ReflectionDispatch.java:35)
	at org.gradle.internal.dispatch.ReflectionDispatch.dispatch(ReflectionDispatch.java:24)
	at org.gradle.internal.dispatch.ContextClassLoaderDispatch.dispatch(ContextClassLoaderDispatch.java:32)
	at org.gradle.internal.dispatch.ProxyDispatchAdapter$DispatchingInvocationHandler.invoke(ProxyDispatchAdapter.java:93)
	at com.sun.proxy.$Proxy2.processTestClass(Unknown Source)
	at org.gradle.api.internal.tasks.testing.worker.TestWorker.processTestClass(TestWorker.java:109)
	at sun.reflect.NativeMethodAccessorImpl.invoke0(Native Method)
	at sun.reflect.NativeMethodAccessorImpl.invoke(NativeMethodAccessorImpl.java:62)
	at sun.reflect.DelegatingMethodAccessorImpl.invoke(DelegatingMethodAccessorImpl.java:43)
	at java.lang.reflect.Method.invoke(Method.java:498)
	at org.gradle.internal.dispatch.ReflectionDispatch.dispatch(ReflectionDispatch.java:35)
	at org.gradle.internal.dispatch.ReflectionDispatch.dispatch(ReflectionDispatch.java:24)
	at org.gradle.internal.remote.internal.hub.MessageHubBackedObjectConnection$DispatchWrapper.dispatch(MessageHubBackedObjectConnection.java:147)
	at org.gradle.internal.remote.internal.hub.MessageHubBackedObjectConnection$DispatchWrapper.dispatch(MessageHubBackedObjectConnection.java:129)
	at org.gradle.internal.remote.internal.hub.MessageHub$Handler.run(MessageHub.java:404)
	at org.gradle.internal.concurrent.ExecutorPolicy$CatchAndRecordFailures.onExecute(ExecutorPolicy.java:63)
	at org.gradle.internal.concurrent.StoppableExecutorImpl$1.run(StoppableExecutorImpl.java:46)
	at java.util.concurrent.ThreadPoolExecutor.runWorker(ThreadPoolExecutor.java:1149)
	at java.util.concurrent.ThreadPoolExecutor$Worker.run(ThreadPoolExecutor.java:624)
	at java.lang.Thread.run(Thread.java:748)
Caused by: org.hibernate.exception.GenericJDBCException: Unable to acquire JDBC Connection
	at org.hibernate.exception.internal.StandardSQLExceptionConverter.convert(StandardSQLExceptionConverter.java:47)
	at org.hibernate.engine.jdbc.spi.SqlExceptionHelper.convert(SqlExceptionHelper.java:111)
	at org.hibernate.engine.jdbc.spi.SqlExceptionHelper.convert(SqlExceptionHelper.java:97)
	at org.hibernate.resource.jdbc.internal.LogicalConnectionManagedImpl.acquireConnectionIfNeeded(LogicalConnectionManagedImpl.java:102)
	at org.hibernate.resource.jdbc.internal.LogicalConnectionManagedImpl.getPhysicalConnection(LogicalConnectionManagedImpl.java:129)
	at org.hibernate.engine.jdbc.internal.StatementPreparerImpl.connection(StatementPreparerImpl.java:47)
	at org.hibernate.engine.jdbc.internal.StatementPreparerImpl$5.doPrepare(StatementPreparerImpl.java:146)
	at org.hibernate.engine.jdbc.internal.StatementPreparerImpl$StatementPreparationTemplate.prepareStatement(StatementPreparerImpl.java:172)
	at org.hibernate.engine.jdbc.internal.StatementPreparerImpl.prepareQueryStatement(StatementPreparerImpl.java:148)
	at org.hibernate.loader.plan.exec.internal.AbstractLoadPlanBasedLoader.prepareQueryStatement(AbstractLoadPlanBasedLoader.java:241)
	at org.hibernate.loader.plan.exec.internal.AbstractLoadPlanBasedLoader.executeQueryStatement(AbstractLoadPlanBasedLoader.java:185)
	at org.hibernate.loader.plan.exec.internal.AbstractLoadPlanBasedLoader.executeLoad(AbstractLoadPlanBasedLoader.java:121)
	at org.hibernate.loader.plan.exec.internal.AbstractLoadPlanBasedLoader.executeLoad(AbstractLoadPlanBasedLoader.java:86)
	at org.hibernate.loader.entity.plan.AbstractLoadPlanBasedEntityLoader.load(AbstractLoadPlanBasedEntityLoader.java:167)
	at org.hibernate.persister.entity.AbstractEntityPersister.load(AbstractEntityPersister.java:4004)
	at org.hibernate.event.internal.DefaultLoadEventListener.loadFromDatasource(DefaultLoadEventListener.java:508)
	at org.hibernate.event.internal.DefaultLoadEventListener.doLoad(DefaultLoadEventListener.java:478)
	at org.hibernate.event.internal.DefaultLoadEventListener.load(DefaultLoadEventListener.java:219)
	at org.hibernate.event.internal.DefaultLoadEventListener.proxyOrLoad(DefaultLoadEventListener.java:278)
	at org.hibernate.event.internal.DefaultLoadEventListener.doOnLoad(DefaultLoadEventListener.java:121)
	at org.hibernate.event.internal.DefaultLoadEventListener.onLoad(DefaultLoadEventListener.java:89)
	at org.hibernate.internal.SessionImpl.fireLoad(SessionImpl.java:1213)
	at org.hibernate.internal.SessionImpl.access$1900(SessionImpl.java:203)
	at org.hibernate.internal.SessionImpl$IdentifierLoadAccessImpl.doLoad(SessionImpl.java:2753)
	at org.hibernate.internal.SessionImpl$IdentifierLoadAccessImpl.load(SessionImpl.java:2727)
	at org.hibernate.internal.SessionImpl.find(SessionImpl.java:3333)
	... 48 more
Caused by: java.sql.SQLException: Connections could not be acquired from the underlying database!
	at com.mchange.v2.sql.SqlUtils.toSQLException(SqlUtils.java:118)
	at com.mchange.v2.c3p0.impl.C3P0PooledConnectionPool.checkoutPooledConnection(C3P0PooledConnectionPool.java:689)
	at com.mchange.v2.c3p0.impl.AbstractPoolBackedDataSource.getConnection(AbstractPoolBackedDataSource.java:140)
	at org.hibernate.c3p0.internal.C3P0ConnectionProvider.getConnection(C3P0ConnectionProvider.java:73)
	at org.hibernate.internal.NonContextualJdbcConnectionAccess.obtainConnection(NonContextualJdbcConnectionAccess.java:35)
	at org.hibernate.resource.jdbc.internal.LogicalConnectionManagedImpl.acquireConnectionIfNeeded(LogicalConnectionManagedImpl.java:99)
	... 70 more
Caused by: com.mchange.v2.resourcepool.CannotAcquireResourceException: A ResourcePool could not acquire a resource from its primary factory or source.
	at com.mchange.v2.resourcepool.BasicResourcePool.awaitAvailable(BasicResourcePool.java:1418)
	at com.mchange.v2.resourcepool.BasicResourcePool.prelimCheckoutResource(BasicResourcePool.java:606)
	at com.mchange.v2.resourcepool.BasicResourcePool.checkoutResource(BasicResourcePool.java:526)
	at com.mchange.v2.c3p0.impl.C3P0PooledConnectionPool.checkoutAndMarkConnectionInUse(C3P0PooledConnectionPool.java:755)
	at com.mchange.v2.c3p0.impl.C3P0PooledConnectionPool.checkoutPooledConnection(C3P0PooledConnectionPool.java:682)
	... 74 more
</failure>
  </testcase>
  <system-out><![CDATA[2019-11-12 19:23:06,000 DEBUG [org.hibernate.type.BasicTypeRegistry] - Adding type registration boolean -> org.hibernate.type.BooleanType@7b9fb8ec
2019-11-12 19:23:06,000 DEBUG [org.hibernate.type.BasicTypeRegistry] - Adding type registration boolean -> org.hibernate.type.BooleanType@7b9fb8ec
2019-11-12 19:23:06,000 DEBUG [org.hibernate.type.BasicTypeRegistry] - Adding type registration java.lang.Boolean -> org.hibernate.type.BooleanType@7b9fb8ec
2019-11-12 19:23:06,000 DEBUG [org.hibernate.type.BasicTypeRegistry] - Adding type registration numeric_boolean -> org.hibernate.type.NumericBooleanType@3a893bf1
2019-11-12 19:23:06,000 DEBUG [org.hibernate.type.BasicTypeRegistry] - Adding type registration true_false -> org.hibernate.type.TrueFalseType@4b9111dc
2019-11-12 19:23:06,000 DEBUG [org.hibernate.type.BasicTypeRegistry] - Adding type registration yes_no -> org.hibernate.type.YesNoType@15b27ff6
2019-11-12 19:23:06,000 DEBUG [org.hibernate.type.BasicTypeRegistry] - Adding type registration byte -> org.hibernate.type.ByteType@6855e990
2019-11-12 19:23:06,000 DEBUG [org.hibernate.type.BasicTypeRegistry] - Adding type registration byte -> org.hibernate.type.ByteType@6855e990
2019-11-12 19:23:06,001 DEBUG [org.hibernate.type.BasicTypeRegistry] - Adding type registration java.lang.Byte -> org.hibernate.type.ByteType@6855e990
2019-11-12 19:23:06,001 DEBUG [org.hibernate.type.BasicTypeRegistry] - Adding type registration character -> org.hibernate.type.CharacterType@617422d7
2019-11-12 19:23:06,001 DEBUG [org.hibernate.type.BasicTypeRegistry] - Adding type registration char -> org.hibernate.type.CharacterType@617422d7
2019-11-12 19:23:06,001 DEBUG [org.hibernate.type.BasicTypeRegistry] - Adding type registration java.lang.Character -> org.hibernate.type.CharacterType@617422d7
2019-11-12 19:23:06,002 DEBUG [org.hibernate.type.BasicTypeRegistry] - Adding type registration short -> org.hibernate.type.ShortType@5df3df06
2019-11-12 19:23:06,002 DEBUG [org.hibernate.type.BasicTypeRegistry] - Adding type registration short -> org.hibernate.type.ShortType@5df3df06
2019-11-12 19:23:06,002 DEBUG [org.hibernate.type.BasicTypeRegistry] - Adding type registration java.lang.Short -> org.hibernate.type.ShortType@5df3df06
2019-11-12 19:23:06,002 DEBUG [org.hibernate.type.BasicTypeRegistry] - Adding type registration integer -> org.hibernate.type.IntegerType@1cf083aa
2019-11-12 19:23:06,003 DEBUG [org.hibernate.type.BasicTypeRegistry] - Adding type registration int -> org.hibernate.type.IntegerType@1cf083aa
2019-11-12 19:23:06,003 DEBUG [org.hibernate.type.BasicTypeRegistry] - Adding type registration java.lang.Integer -> org.hibernate.type.IntegerType@1cf083aa
2019-11-12 19:23:06,003 DEBUG [org.hibernate.type.BasicTypeRegistry] - Adding type registration long -> org.hibernate.type.LongType@d81aac8
2019-11-12 19:23:06,003 DEBUG [org.hibernate.type.BasicTypeRegistry] - Adding type registration long -> org.hibernate.type.LongType@d81aac8
2019-11-12 19:23:06,003 DEBUG [org.hibernate.type.BasicTypeRegistry] - Adding type registration java.lang.Long -> org.hibernate.type.LongType@d81aac8
2019-11-12 19:23:06,003 DEBUG [org.hibernate.type.BasicTypeRegistry] - Adding type registration float -> org.hibernate.type.FloatType@56c4f737
2019-11-12 19:23:06,003 DEBUG [org.hibernate.type.BasicTypeRegistry] - Adding type registration float -> org.hibernate.type.FloatType@56c4f737
2019-11-12 19:23:06,003 DEBUG [org.hibernate.type.BasicTypeRegistry] - Adding type registration java.lang.Float -> org.hibernate.type.FloatType@56c4f737
2019-11-12 19:23:06,003 DEBUG [org.hibernate.type.BasicTypeRegistry] - Adding type registration double -> org.hibernate.type.DoubleType@2b85f5a7
2019-11-12 19:23:06,003 DEBUG [org.hibernate.type.BasicTypeRegistry] - Adding type registration double -> org.hibernate.type.DoubleType@2b85f5a7
2019-11-12 19:23:06,003 DEBUG [org.hibernate.type.BasicTypeRegistry] - Adding type registration java.lang.Double -> org.hibernate.type.DoubleType@2b85f5a7
2019-11-12 19:23:06,004 DEBUG [org.hibernate.type.BasicTypeRegistry] - Adding type registration big_decimal -> org.hibernate.type.BigDecimalType@67650d4f
2019-11-12 19:23:06,004 DEBUG [org.hibernate.type.BasicTypeRegistry] - Adding type registration java.math.BigDecimal -> org.hibernate.type.BigDecimalType@67650d4f
2019-11-12 19:23:06,005 DEBUG [org.hibernate.type.BasicTypeRegistry] - Adding type registration big_integer -> org.hibernate.type.BigIntegerType@7838861b
2019-11-12 19:23:06,005 DEBUG [org.hibernate.type.BasicTypeRegistry] - Adding type registration java.math.BigInteger -> org.hibernate.type.BigIntegerType@7838861b
2019-11-12 19:23:06,005 DEBUG [org.hibernate.type.BasicTypeRegistry] - Adding type registration string -> org.hibernate.type.StringType@a1c8eef
2019-11-12 19:23:06,005 DEBUG [org.hibernate.type.BasicTypeRegistry] - Adding type registration java.lang.String -> org.hibernate.type.StringType@a1c8eef
2019-11-12 19:23:06,008 DEBUG [org.hibernate.type.BasicTypeRegistry] - Adding type registration nstring -> org.hibernate.type.StringNVarcharType@7acad51a
2019-11-12 19:23:06,010 DEBUG [org.hibernate.type.BasicTypeRegistry] - Adding type registration ncharacter -> org.hibernate.type.CharacterNCharType@1aed616e
2019-11-12 19:23:06,011 DEBUG [org.hibernate.type.BasicTypeRegistry] - Adding type registration url -> org.hibernate.type.UrlType@756222b7
2019-11-12 19:23:06,011 DEBUG [org.hibernate.type.BasicTypeRegistry] - Adding type registration java.net.URL -> org.hibernate.type.UrlType@756222b7
2019-11-12 19:23:06,011 DEBUG [org.hibernate.type.BasicTypeRegistry] - Adding type registration Duration -> org.hibernate.type.DurationType@433832c1
2019-11-12 19:23:06,011 DEBUG [org.hibernate.type.BasicTypeRegistry] - Adding type registration java.time.Duration -> org.hibernate.type.DurationType@433832c1
2019-11-12 19:23:06,011 DEBUG [org.hibernate.type.BasicTypeRegistry] - Adding type registration Instant -> org.hibernate.type.InstantType@7c5d2f26
2019-11-12 19:23:06,011 DEBUG [org.hibernate.type.BasicTypeRegistry] - Adding type registration java.time.Instant -> org.hibernate.type.InstantType@7c5d2f26
2019-11-12 19:23:06,011 DEBUG [org.hibernate.type.BasicTypeRegistry] - Adding type registration LocalDateTime -> org.hibernate.type.LocalDateTimeType@1287a0be
2019-11-12 19:23:06,011 DEBUG [org.hibernate.type.BasicTypeRegistry] - Adding type registration java.time.LocalDateTime -> org.hibernate.type.LocalDateTimeType@1287a0be
2019-11-12 19:23:06,012 DEBUG [org.hibernate.type.BasicTypeRegistry] - Adding type registration LocalDate -> org.hibernate.type.LocalDateType@55815b6b
2019-11-12 19:23:06,012 DEBUG [org.hibernate.type.BasicTypeRegistry] - Adding type registration java.time.LocalDate -> org.hibernate.type.LocalDateType@55815b6b
2019-11-12 19:23:06,012 DEBUG [org.hibernate.type.BasicTypeRegistry] - Adding type registration LocalTime -> org.hibernate.type.LocalTimeType@762fd33
2019-11-12 19:23:06,012 DEBUG [org.hibernate.type.BasicTypeRegistry] - Adding type registration java.time.LocalTime -> org.hibernate.type.LocalTimeType@762fd33
2019-11-12 19:23:06,012 DEBUG [org.hibernate.type.BasicTypeRegistry] - Adding type registration OffsetDateTime -> org.hibernate.type.OffsetDateTimeType@5a59ff68
2019-11-12 19:23:06,013 DEBUG [org.hibernate.type.BasicTypeRegistry] - Adding type registration java.time.OffsetDateTime -> org.hibernate.type.OffsetDateTimeType@5a59ff68
2019-11-12 19:23:06,013 DEBUG [org.hibernate.type.BasicTypeRegistry] - Adding type registration OffsetTime -> org.hibernate.type.OffsetTimeType@514ae96
2019-11-12 19:23:06,013 DEBUG [org.hibernate.type.BasicTypeRegistry] - Adding type registration java.time.OffsetTime -> org.hibernate.type.OffsetTimeType@514ae96
2019-11-12 19:23:06,013 DEBUG [org.hibernate.type.BasicTypeRegistry] - Adding type registration ZonedDateTime -> org.hibernate.type.ZonedDateTimeType@39525466
2019-11-12 19:23:06,013 DEBUG [org.hibernate.type.BasicTypeRegistry] - Adding type registration java.time.ZonedDateTime -> org.hibernate.type.ZonedDateTimeType@39525466
2019-11-12 19:23:06,013 DEBUG [org.hibernate.type.BasicTypeRegistry] - Adding type registration date -> org.hibernate.type.DateType@6723d9cb
2019-11-12 19:23:06,013 DEBUG [org.hibernate.type.BasicTypeRegistry] - Adding type registration java.sql.Date -> org.hibernate.type.DateType@6723d9cb
2019-11-12 19:23:06,014 DEBUG [org.hibernate.type.BasicTypeRegistry] - Adding type registration time -> org.hibernate.type.TimeType@55c4d134
2019-11-12 19:23:06,014 DEBUG [org.hibernate.type.BasicTypeRegistry] - Adding type registration java.sql.Time -> org.hibernate.type.TimeType@55c4d134
2019-11-12 19:23:06,014 DEBUG [org.hibernate.type.BasicTypeRegistry] - Adding type registration timestamp -> org.hibernate.type.TimestampType@3758bf61
2019-11-12 19:23:06,014 DEBUG [org.hibernate.type.BasicTypeRegistry] - Adding type registration java.sql.Timestamp -> org.hibernate.type.TimestampType@3758bf61
2019-11-12 19:23:06,014 DEBUG [org.hibernate.type.BasicTypeRegistry] - Adding type registration java.util.Date -> org.hibernate.type.TimestampType@3758bf61
2019-11-12 19:23:06,014 DEBUG [org.hibernate.type.BasicTypeRegistry] - Adding type registration dbtimestamp -> org.hibernate.type.DbTimestampType@76205ab5
2019-11-12 19:23:06,014 DEBUG [org.hibernate.type.BasicTypeRegistry] - Adding type registration calendar -> org.hibernate.type.CalendarType@13e7a61d
2019-11-12 19:23:06,014 DEBUG [org.hibernate.type.BasicTypeRegistry] - Adding type registration java.util.Calendar -> org.hibernate.type.CalendarType@13e7a61d
2019-11-12 19:23:06,014 DEBUG [org.hibernate.type.BasicTypeRegistry] - Adding type registration java.util.GregorianCalendar -> org.hibernate.type.CalendarType@13e7a61d
2019-11-12 19:23:06,014 DEBUG [org.hibernate.type.BasicTypeRegistry] - Adding type registration calendar_date -> org.hibernate.type.CalendarDateType@51ebc2a6
2019-11-12 19:23:06,014 DEBUG [org.hibernate.type.BasicTypeRegistry] - Adding type registration locale -> org.hibernate.type.LocaleType@5507a6b4
2019-11-12 19:23:06,015 DEBUG [org.hibernate.type.BasicTypeRegistry] - Adding type registration java.util.Locale -> org.hibernate.type.LocaleType@5507a6b4
2019-11-12 19:23:06,015 DEBUG [org.hibernate.type.BasicTypeRegistry] - Adding type registration currency -> org.hibernate.type.CurrencyType@e27e656
2019-11-12 19:23:06,015 DEBUG [org.hibernate.type.BasicTypeRegistry] - Adding type registration java.util.Currency -> org.hibernate.type.CurrencyType@e27e656
2019-11-12 19:23:06,015 DEBUG [org.hibernate.type.BasicTypeRegistry] - Adding type registration timezone -> org.hibernate.type.TimeZoneType@4e91afa9
2019-11-12 19:23:06,015 DEBUG [org.hibernate.type.BasicTypeRegistry] - Adding type registration java.util.TimeZone -> org.hibernate.type.TimeZoneType@4e91afa9
2019-11-12 19:23:06,015 DEBUG [org.hibernate.type.BasicTypeRegistry] - Adding type registration class -> org.hibernate.type.ClassType@461b9096
2019-11-12 19:23:06,015 DEBUG [org.hibernate.type.BasicTypeRegistry] - Adding type registration java.lang.Class -> org.hibernate.type.ClassType@461b9096
2019-11-12 19:23:06,015 DEBUG [org.hibernate.type.BasicTypeRegistry] - Adding type registration uuid-binary -> org.hibernate.type.UUIDBinaryType@2423c25f
2019-11-12 19:23:06,015 DEBUG [org.hibernate.type.BasicTypeRegistry] - Adding type registration java.util.UUID -> org.hibernate.type.UUIDBinaryType@2423c25f
2019-11-12 19:23:06,015 DEBUG [org.hibernate.type.BasicTypeRegistry] - Adding type registration uuid-char -> org.hibernate.type.UUIDCharType@1d921393
2019-11-12 19:23:06,016 DEBUG [org.hibernate.type.BasicTypeRegistry] - Adding type registration binary -> org.hibernate.type.BinaryType@25088ae0
2019-11-12 19:23:06,016 DEBUG [org.hibernate.type.BasicTypeRegistry] - Adding type registration byte[] -> org.hibernate.type.BinaryType@25088ae0
2019-11-12 19:23:06,016 DEBUG [org.hibernate.type.BasicTypeRegistry] - Adding type registration [B -> org.hibernate.type.BinaryType@25088ae0
2019-11-12 19:23:06,016 DEBUG [org.hibernate.type.BasicTypeRegistry] - Adding type registration wrapper-binary -> org.hibernate.type.WrapperBinaryType@285f43bd
2019-11-12 19:23:06,016 DEBUG [org.hibernate.type.BasicTypeRegistry] - Adding type registration Byte[] -> org.hibernate.type.WrapperBinaryType@285f43bd
2019-11-12 19:23:06,016 DEBUG [org.hibernate.type.BasicTypeRegistry] - Adding type registration [Ljava.lang.Byte; -> org.hibernate.type.WrapperBinaryType@285f43bd
2019-11-12 19:23:06,017 DEBUG [org.hibernate.type.BasicTypeRegistry] - Adding type registration row_version -> org.hibernate.type.RowVersionType@23f804d3
2019-11-12 19:23:06,017 DEBUG [org.hibernate.type.BasicTypeRegistry] - Adding type registration image -> org.hibernate.type.ImageType@34eeee39
2019-11-12 19:23:06,017 DEBUG [org.hibernate.type.BasicTypeRegistry] - Adding type registration characters -> org.hibernate.type.CharArrayType@48d5b844
2019-11-12 19:23:06,017 DEBUG [org.hibernate.type.BasicTypeRegistry] - Adding type registration char[] -> org.hibernate.type.CharArrayType@48d5b844
2019-11-12 19:23:06,017 DEBUG [org.hibernate.type.BasicTypeRegistry] - Adding type registration [C -> org.hibernate.type.CharArrayType@48d5b844
2019-11-12 19:23:06,017 DEBUG [org.hibernate.type.BasicTypeRegistry] - Adding type registration wrapper-characters -> org.hibernate.type.CharacterArrayType@4174306c
2019-11-12 19:23:06,017 DEBUG [org.hibernate.type.BasicTypeRegistry] - Adding type registration [Ljava.lang.Character; -> org.hibernate.type.CharacterArrayType@4174306c
2019-11-12 19:23:06,017 DEBUG [org.hibernate.type.BasicTypeRegistry] - Adding type registration Character[] -> org.hibernate.type.CharacterArrayType@4174306c
2019-11-12 19:23:06,017 DEBUG [org.hibernate.type.BasicTypeRegistry] - Adding type registration text -> org.hibernate.type.TextType@7a82baa2
2019-11-12 19:23:06,017 DEBUG [org.hibernate.type.BasicTypeRegistry] - Adding type registration ntext -> org.hibernate.type.NTextType@5ddb4738
2019-11-12 19:23:06,018 DEBUG [org.hibernate.type.BasicTypeRegistry] - Adding type registration blob -> org.hibernate.type.BlobType@2f08f7fd
2019-11-12 19:23:06,018 DEBUG [org.hibernate.type.BasicTypeRegistry] - Adding type registration java.sql.Blob -> org.hibernate.type.BlobType@2f08f7fd
2019-11-12 19:23:06,018 DEBUG [org.hibernate.type.BasicTypeRegistry] - Adding type registration materialized_blob -> org.hibernate.type.MaterializedBlobType@351e7177
2019-11-12 19:23:06,018 DEBUG [org.hibernate.type.BasicTypeRegistry] - Adding type registration clob -> org.hibernate.type.ClobType@5cb413f3
2019-11-12 19:23:06,018 DEBUG [org.hibernate.type.BasicTypeRegistry] - Adding type registration java.sql.Clob -> org.hibernate.type.ClobType@5cb413f3
2019-11-12 19:23:06,018 DEBUG [org.hibernate.type.BasicTypeRegistry] - Adding type registration nclob -> org.hibernate.type.NClobType@14b84196
2019-11-12 19:23:06,018 DEBUG [org.hibernate.type.BasicTypeRegistry] - Adding type registration java.sql.NClob -> org.hibernate.type.NClobType@14b84196
2019-11-12 19:23:06,018 DEBUG [org.hibernate.type.BasicTypeRegistry] - Adding type registration materialized_clob -> org.hibernate.type.MaterializedClobType@4b99cb6a
2019-11-12 19:23:06,018 DEBUG [org.hibernate.type.BasicTypeRegistry] - Adding type registration materialized_nclob -> org.hibernate.type.MaterializedNClobType@49504858
2019-11-12 19:23:06,018 DEBUG [org.hibernate.type.BasicTypeRegistry] - Adding type registration serializable -> org.hibernate.type.SerializableType@8253e0a
2019-11-12 19:23:06,018 DEBUG [org.hibernate.type.BasicTypeRegistry] - Adding type registration object -> org.hibernate.type.ObjectType@63884610
2019-11-12 19:23:06,018 DEBUG [org.hibernate.type.BasicTypeRegistry] - Adding type registration java.lang.Object -> org.hibernate.type.ObjectType@63884610
2019-11-12 19:23:06,018 DEBUG [org.hibernate.type.BasicTypeRegistry] - Adding type registration imm_date -> org.hibernate.type.AdaptedImmutableType@40628119
2019-11-12 19:23:06,018 DEBUG [org.hibernate.type.BasicTypeRegistry] - Adding type registration imm_time -> org.hibernate.type.AdaptedImmutableType@2d7fe897
2019-11-12 19:23:06,018 DEBUG [org.hibernate.type.BasicTypeRegistry] - Adding type registration imm_timestamp -> org.hibernate.type.AdaptedImmutableType@6b68068c
2019-11-12 19:23:06,018 DEBUG [org.hibernate.type.BasicTypeRegistry] - Adding type registration imm_dbtimestamp -> org.hibernate.type.AdaptedImmutableType@75040fb
2019-11-12 19:23:06,018 DEBUG [org.hibernate.type.BasicTypeRegistry] - Adding type registration imm_calendar -> org.hibernate.type.AdaptedImmutableType@53ee6341
2019-11-12 19:23:06,018 DEBUG [org.hibernate.type.BasicTypeRegistry] - Adding type registration imm_calendar_date -> org.hibernate.type.AdaptedImmutableType@18712fb
2019-11-12 19:23:06,018 DEBUG [org.hibernate.type.BasicTypeRegistry] - Adding type registration imm_binary -> org.hibernate.type.AdaptedImmutableType@2a703821
2019-11-12 19:23:06,018 DEBUG [org.hibernate.type.BasicTypeRegistry] - Adding type registration imm_serializable -> org.hibernate.type.AdaptedImmutableType@2fa2f20c
2019-11-12 19:23:36,802 WARN [com.mchange.v2.resourcepool.BasicResourcePool] - com.mchange.v2.resourcepool.BasicResourcePool$ScatteredAcquireTask@5602b533 -- Acquisition Attempt Failed!!! Clearing pending acquires. While trying to acquire a needed new resource, we failed to succeed more than the maximum number of allowed acquisition attempts (30). Last acquisition attempt exception: 
com.mysql.jdbc.exceptions.jdbc4.MySQLNonTransientConnectionException: Could not create connection to database server.
	at sun.reflect.GeneratedConstructorAccessor30.newInstance(Unknown Source)
	at sun.reflect.DelegatingConstructorAccessorImpl.newInstance(DelegatingConstructorAccessorImpl.java:45)
	at java.lang.reflect.Constructor.newInstance(Constructor.java:423)
	at com.mysql.jdbc.Util.handleNewInstance(Util.java:404)
	at com.mysql.jdbc.Util.getInstance(Util.java:387)
	at com.mysql.jdbc.SQLError.createSQLException(SQLError.java:917)
	at com.mysql.jdbc.SQLError.createSQLException(SQLError.java:896)
	at com.mysql.jdbc.SQLError.createSQLException(SQLError.java:885)
	at com.mysql.jdbc.SQLError.createSQLException(SQLError.java:860)
	at com.mysql.jdbc.ConnectionImpl.connectOneTryOnly(ConnectionImpl.java:2330)
	at com.mysql.jdbc.ConnectionImpl.createNewIO(ConnectionImpl.java:2083)
	at com.mysql.jdbc.ConnectionImpl.<init>(ConnectionImpl.java:806)
	at com.mysql.jdbc.JDBC4Connection.<init>(JDBC4Connection.java:47)
	at sun.reflect.GeneratedConstructorAccessor21.newInstance(Unknown Source)
	at sun.reflect.DelegatingConstructorAccessorImpl.newInstance(DelegatingConstructorAccessorImpl.java:45)
	at java.lang.reflect.Constructor.newInstance(Constructor.java:423)
	at com.mysql.jdbc.Util.handleNewInstance(Util.java:404)
	at com.mysql.jdbc.ConnectionImpl.getInstance(ConnectionImpl.java:410)
	at com.mysql.jdbc.NonRegisteringDriver.connect(NonRegisteringDriver.java:328)
	at com.mchange.v2.c3p0.DriverManagerDataSource.getConnection(DriverManagerDataSource.java:146)
	at com.mchange.v2.c3p0.WrapperConnectionPoolDataSource.getPooledConnection(WrapperConnectionPoolDataSource.java:195)
	at com.mchange.v2.c3p0.WrapperConnectionPoolDataSource.getPooledConnection(WrapperConnectionPoolDataSource.java:184)
	at com.mchange.v2.c3p0.impl.C3P0PooledConnectionPool$1PooledConnectionResourcePoolManager.acquireResource(C3P0PooledConnectionPool.java:200)
	at com.mchange.v2.resourcepool.BasicResourcePool.doAcquire(BasicResourcePool.java:1086)
	at com.mchange.v2.resourcepool.BasicResourcePool.doAcquireAndDecrementPendingAcquiresWithinLockOnSuccess(BasicResourcePool.java:1073)
	at com.mchange.v2.resourcepool.BasicResourcePool.access$800(BasicResourcePool.java:44)
	at com.mchange.v2.resourcepool.BasicResourcePool$ScatteredAcquireTask.run(BasicResourcePool.java:1810)
	at com.mchange.v2.async.ThreadPoolAsynchronousRunner$PoolThread.run(ThreadPoolAsynchronousRunner.java:648)
Caused by: java.lang.NullPointerException
	at com.mysql.jdbc.ConnectionImpl.getServerCharset(ConnectionImpl.java:2997)
	at com.mysql.jdbc.MysqlIO.sendConnectionAttributes(MysqlIO.java:1936)
	at com.mysql.jdbc.MysqlIO.proceedHandshakeWithPluggableAuthentication(MysqlIO.java:1865)
	at com.mysql.jdbc.MysqlIO.doHandshake(MysqlIO.java:1228)
	at com.mysql.jdbc.ConnectionImpl.coreConnect(ConnectionImpl.java:2253)
	at com.mysql.jdbc.ConnectionImpl.connectOneTryOnly(ConnectionImpl.java:2284)
	... 18 more
2019-11-12 19:23:36,803 WARN [com.mchange.v2.resourcepool.BasicResourcePool] - Having failed to acquire a resource, com.mchange.v2.resourcepool.BasicResourcePool@146d5a41 is interrupting all Threads waiting on a resource to check out. Will try again in response to new client requests.
2019-11-12 19:23:36,803 WARN [org.hibernate.engine.jdbc.env.internal.JdbcEnvironmentInitiator] - HHH000342: Could not obtain connection to query metadata : Connections could not be acquired from the underlying database!
2019-11-12 19:23:36,827 TRACE [org.hibernate.type.TypeFactory] - Scoping types to session factory org.hibernate.internal.SessionFactoryImpl@b655f06
2019-11-12 19:24:07,550 WARN [com.mchange.v2.resourcepool.BasicResourcePool] - com.mchange.v2.resourcepool.BasicResourcePool$ScatteredAcquireTask@6ad9d78 -- Acquisition Attempt Failed!!! Clearing pending acquires. While trying to acquire a needed new resource, we failed to succeed more than the maximum number of allowed acquisition attempts (30). Last acquisition attempt exception: 
com.mysql.jdbc.exceptions.jdbc4.MySQLNonTransientConnectionException: Could not create connection to database server.
	at sun.reflect.GeneratedConstructorAccessor30.newInstance(Unknown Source)
	at sun.reflect.DelegatingConstructorAccessorImpl.newInstance(DelegatingConstructorAccessorImpl.java:45)
	at java.lang.reflect.Constructor.newInstance(Constructor.java:423)
	at com.mysql.jdbc.Util.handleNewInstance(Util.java:404)
	at com.mysql.jdbc.Util.getInstance(Util.java:387)
	at com.mysql.jdbc.SQLError.createSQLException(SQLError.java:917)
	at com.mysql.jdbc.SQLError.createSQLException(SQLError.java:896)
	at com.mysql.jdbc.SQLError.createSQLException(SQLError.java:885)
	at com.mysql.jdbc.SQLError.createSQLException(SQLError.java:860)
	at com.mysql.jdbc.ConnectionImpl.connectOneTryOnly(ConnectionImpl.java:2330)
	at com.mysql.jdbc.ConnectionImpl.createNewIO(ConnectionImpl.java:2083)
	at com.mysql.jdbc.ConnectionImpl.<init>(ConnectionImpl.java:806)
	at com.mysql.jdbc.JDBC4Connection.<init>(JDBC4Connection.java:47)
	at sun.reflect.GeneratedConstructorAccessor21.newInstance(Unknown Source)
	at sun.reflect.DelegatingConstructorAccessorImpl.newInstance(DelegatingConstructorAccessorImpl.java:45)
	at java.lang.reflect.Constructor.newInstance(Constructor.java:423)
	at com.mysql.jdbc.Util.handleNewInstance(Util.java:404)
	at com.mysql.jdbc.ConnectionImpl.getInstance(ConnectionImpl.java:410)
	at com.mysql.jdbc.NonRegisteringDriver.connect(NonRegisteringDriver.java:328)
	at com.mchange.v2.c3p0.DriverManagerDataSource.getConnection(DriverManagerDataSource.java:146)
	at com.mchange.v2.c3p0.WrapperConnectionPoolDataSource.getPooledConnection(WrapperConnectionPoolDataSource.java:195)
	at com.mchange.v2.c3p0.WrapperConnectionPoolDataSource.getPooledConnection(WrapperConnectionPoolDataSource.java:184)
	at com.mchange.v2.c3p0.impl.C3P0PooledConnectionPool$1PooledConnectionResourcePoolManager.acquireResource(C3P0PooledConnectionPool.java:200)
	at com.mchange.v2.resourcepool.BasicResourcePool.doAcquire(BasicResourcePool.java:1086)
	at com.mchange.v2.resourcepool.BasicResourcePool.doAcquireAndDecrementPendingAcquiresWithinLockOnSuccess(BasicResourcePool.java:1073)
	at com.mchange.v2.resourcepool.BasicResourcePool.access$800(BasicResourcePool.java:44)
	at com.mchange.v2.resourcepool.BasicResourcePool$ScatteredAcquireTask.run(BasicResourcePool.java:1810)
	at com.mchange.v2.async.ThreadPoolAsynchronousRunner$PoolThread.run(ThreadPoolAsynchronousRunner.java:648)
Caused by: java.lang.NullPointerException
	at com.mysql.jdbc.ConnectionImpl.getServerCharset(ConnectionImpl.java:2997)
	at com.mysql.jdbc.MysqlIO.sendConnectionAttributes(MysqlIO.java:1936)
	at com.mysql.jdbc.MysqlIO.proceedHandshakeWithPluggableAuthentication(MysqlIO.java:1865)
	at com.mysql.jdbc.MysqlIO.doHandshake(MysqlIO.java:1228)
	at com.mysql.jdbc.ConnectionImpl.coreConnect(ConnectionImpl.java:2253)
	at com.mysql.jdbc.ConnectionImpl.connectOneTryOnly(ConnectionImpl.java:2284)
	... 18 more
2019-11-12 19:24:07,551 WARN [com.mchange.v2.resourcepool.BasicResourcePool] - Having failed to acquire a resource, com.mchange.v2.resourcepool.BasicResourcePool@146d5a41 is interrupting all Threads waiting on a resource to check out. Will try again in response to new client requests.
2019-11-12 19:24:07,552 WARN [org.hibernate.engine.jdbc.spi.SqlExceptionHelper] - SQL Error: 0, SQLState: null
2019-11-12 19:24:07,552 ERROR [org.hibernate.engine.jdbc.spi.SqlExceptionHelper] - Connections could not be acquired from the underlying database!
2019-11-12 19:24:07,556 WARN [com.mchange.v2.resourcepool.BasicResourcePool] - com.mchange.v2.resourcepool.BasicResourcePool$ScatteredAcquireTask@71f7a3a0 -- Acquisition Attempt Failed!!! Clearing pending acquires. While trying to acquire a needed new resource, we failed to succeed more than the maximum number of allowed acquisition attempts (30). Last acquisition attempt exception: 
com.mysql.jdbc.exceptions.jdbc4.MySQLNonTransientConnectionException: Could not create connection to database server.
	at sun.reflect.GeneratedConstructorAccessor30.newInstance(Unknown Source)
	at sun.reflect.DelegatingConstructorAccessorImpl.newInstance(DelegatingConstructorAccessorImpl.java:45)
	at java.lang.reflect.Constructor.newInstance(Constructor.java:423)
	at com.mysql.jdbc.Util.handleNewInstance(Util.java:404)
	at com.mysql.jdbc.Util.getInstance(Util.java:387)
	at com.mysql.jdbc.SQLError.createSQLException(SQLError.java:917)
	at com.mysql.jdbc.SQLError.createSQLException(SQLError.java:896)
	at com.mysql.jdbc.SQLError.createSQLException(SQLError.java:885)
	at com.mysql.jdbc.SQLError.createSQLException(SQLError.java:860)
	at com.mysql.jdbc.ConnectionImpl.connectOneTryOnly(ConnectionImpl.java:2330)
	at com.mysql.jdbc.ConnectionImpl.createNewIO(ConnectionImpl.java:2083)
	at com.mysql.jdbc.ConnectionImpl.<init>(ConnectionImpl.java:806)
	at com.mysql.jdbc.JDBC4Connection.<init>(JDBC4Connection.java:47)
	at sun.reflect.GeneratedConstructorAccessor21.newInstance(Unknown Source)
	at sun.reflect.DelegatingConstructorAccessorImpl.newInstance(DelegatingConstructorAccessorImpl.java:45)
	at java.lang.reflect.Constructor.newInstance(Constructor.java:423)
	at com.mysql.jdbc.Util.handleNewInstance(Util.java:404)
	at com.mysql.jdbc.ConnectionImpl.getInstance(ConnectionImpl.java:410)
	at com.mysql.jdbc.NonRegisteringDriver.connect(NonRegisteringDriver.java:328)
	at com.mchange.v2.c3p0.DriverManagerDataSource.getConnection(DriverManagerDataSource.java:146)
	at com.mchange.v2.c3p0.WrapperConnectionPoolDataSource.getPooledConnection(WrapperConnectionPoolDataSource.java:195)
	at com.mchange.v2.c3p0.WrapperConnectionPoolDataSource.getPooledConnection(WrapperConnectionPoolDataSource.java:184)
	at com.mchange.v2.c3p0.impl.C3P0PooledConnectionPool$1PooledConnectionResourcePoolManager.acquireResource(C3P0PooledConnectionPool.java:200)
	at com.mchange.v2.resourcepool.BasicResourcePool.doAcquire(BasicResourcePool.java:1086)
	at com.mchange.v2.resourcepool.BasicResourcePool.doAcquireAndDecrementPendingAcquiresWithinLockOnSuccess(BasicResourcePool.java:1073)
	at com.mchange.v2.resourcepool.BasicResourcePool.access$800(BasicResourcePool.java:44)
	at com.mchange.v2.resourcepool.BasicResourcePool$ScatteredAcquireTask.run(BasicResourcePool.java:1810)
	at com.mchange.v2.async.ThreadPoolAsynchronousRunner$PoolThread.run(ThreadPoolAsynchronousRunner.java:648)
Caused by: java.lang.NullPointerException
	at com.mysql.jdbc.ConnectionImpl.getServerCharset(ConnectionImpl.java:2997)
	at com.mysql.jdbc.MysqlIO.sendConnectionAttributes(MysqlIO.java:1936)
	at com.mysql.jdbc.MysqlIO.proceedHandshakeWithPluggableAuthentication(MysqlIO.java:1865)
	at com.mysql.jdbc.MysqlIO.doHandshake(MysqlIO.java:1228)
	at com.mysql.jdbc.ConnectionImpl.coreConnect(ConnectionImpl.java:2253)
	at com.mysql.jdbc.ConnectionImpl.connectOneTryOnly(ConnectionImpl.java:2284)
	... 18 more
2019-11-12 19:24:07,558 WARN [com.mchange.v2.resourcepool.BasicResourcePool] - Having failed to acquire a resource, com.mchange.v2.resourcepool.BasicResourcePool@146d5a41 is interrupting all Threads waiting on a resource to check out. Will try again in response to new client requests.
2019-11-12 19:24:07,586 DEBUG [org.hibernate.type.BasicTypeRegistry] - Adding type registration boolean -> org.hibernate.type.BooleanType@7b9fb8ec
2019-11-12 19:24:07,587 DEBUG [org.hibernate.type.BasicTypeRegistry] - Adding type registration boolean -> org.hibernate.type.BooleanType@7b9fb8ec
2019-11-12 19:24:07,587 DEBUG [org.hibernate.type.BasicTypeRegistry] - Adding type registration java.lang.Boolean -> org.hibernate.type.BooleanType@7b9fb8ec
2019-11-12 19:24:07,587 DEBUG [org.hibernate.type.BasicTypeRegistry] - Adding type registration numeric_boolean -> org.hibernate.type.NumericBooleanType@3a893bf1
2019-11-12 19:24:07,587 DEBUG [org.hibernate.type.BasicTypeRegistry] - Adding type registration true_false -> org.hibernate.type.TrueFalseType@4b9111dc
2019-11-12 19:24:07,587 DEBUG [org.hibernate.type.BasicTypeRegistry] - Adding type registration yes_no -> org.hibernate.type.YesNoType@15b27ff6
2019-11-12 19:24:07,587 DEBUG [org.hibernate.type.BasicTypeRegistry] - Adding type registration byte -> org.hibernate.type.ByteType@6855e990
2019-11-12 19:24:07,587 DEBUG [org.hibernate.type.BasicTypeRegistry] - Adding type registration byte -> org.hibernate.type.ByteType@6855e990
2019-11-12 19:24:07,587 DEBUG [org.hibernate.type.BasicTypeRegistry] - Adding type registration java.lang.Byte -> org.hibernate.type.ByteType@6855e990
2019-11-12 19:24:07,587 DEBUG [org.hibernate.type.BasicTypeRegistry] - Adding type registration character -> org.hibernate.type.CharacterType@617422d7
2019-11-12 19:24:07,587 DEBUG [org.hibernate.type.BasicTypeRegistry] - Adding type registration char -> org.hibernate.type.CharacterType@617422d7
2019-11-12 19:24:07,587 DEBUG [org.hibernate.type.BasicTypeRegistry] - Adding type registration java.lang.Character -> org.hibernate.type.CharacterType@617422d7
2019-11-12 19:24:07,587 DEBUG [org.hibernate.type.BasicTypeRegistry] - Adding type registration short -> org.hibernate.type.ShortType@5df3df06
2019-11-12 19:24:07,587 DEBUG [org.hibernate.type.BasicTypeRegistry] - Adding type registration short -> org.hibernate.type.ShortType@5df3df06
2019-11-12 19:24:07,587 DEBUG [org.hibernate.type.BasicTypeRegistry] - Adding type registration java.lang.Short -> org.hibernate.type.ShortType@5df3df06
2019-11-12 19:24:07,587 DEBUG [org.hibernate.type.BasicTypeRegistry] - Adding type registration integer -> org.hibernate.type.IntegerType@1cf083aa
2019-11-12 19:24:07,587 DEBUG [org.hibernate.type.BasicTypeRegistry] - Adding type registration int -> org.hibernate.type.IntegerType@1cf083aa
2019-11-12 19:24:07,587 DEBUG [org.hibernate.type.BasicTypeRegistry] - Adding type registration java.lang.Integer -> org.hibernate.type.IntegerType@1cf083aa
2019-11-12 19:24:07,587 DEBUG [org.hibernate.type.BasicTypeRegistry] - Adding type registration long -> org.hibernate.type.LongType@d81aac8
2019-11-12 19:24:07,587 DEBUG [org.hibernate.type.BasicTypeRegistry] - Adding type registration long -> org.hibernate.type.LongType@d81aac8
2019-11-12 19:24:07,587 DEBUG [org.hibernate.type.BasicTypeRegistry] - Adding type registration java.lang.Long -> org.hibernate.type.LongType@d81aac8
2019-11-12 19:24:07,587 DEBUG [org.hibernate.type.BasicTypeRegistry] - Adding type registration float -> org.hibernate.type.FloatType@56c4f737
2019-11-12 19:24:07,587 DEBUG [org.hibernate.type.BasicTypeRegistry] - Adding type registration float -> org.hibernate.type.FloatType@56c4f737
2019-11-12 19:24:07,587 DEBUG [org.hibernate.type.BasicTypeRegistry] - Adding type registration java.lang.Float -> org.hibernate.type.FloatType@56c4f737
2019-11-12 19:24:07,587 DEBUG [org.hibernate.type.BasicTypeRegistry] - Adding type registration double -> org.hibernate.type.DoubleType@2b85f5a7
2019-11-12 19:24:07,587 DEBUG [org.hibernate.type.BasicTypeRegistry] - Adding type registration double -> org.hibernate.type.DoubleType@2b85f5a7
2019-11-12 19:24:07,587 DEBUG [org.hibernate.type.BasicTypeRegistry] - Adding type registration java.lang.Double -> org.hibernate.type.DoubleType@2b85f5a7
2019-11-12 19:24:07,587 DEBUG [org.hibernate.type.BasicTypeRegistry] - Adding type registration big_decimal -> org.hibernate.type.BigDecimalType@67650d4f
2019-11-12 19:24:07,587 DEBUG [org.hibernate.type.BasicTypeRegistry] - Adding type registration java.math.BigDecimal -> org.hibernate.type.BigDecimalType@67650d4f
2019-11-12 19:24:07,587 DEBUG [org.hibernate.type.BasicTypeRegistry] - Adding type registration big_integer -> org.hibernate.type.BigIntegerType@7838861b
2019-11-12 19:24:07,587 DEBUG [org.hibernate.type.BasicTypeRegistry] - Adding type registration java.math.BigInteger -> org.hibernate.type.BigIntegerType@7838861b
2019-11-12 19:24:07,587 DEBUG [org.hibernate.type.BasicTypeRegistry] - Adding type registration string -> org.hibernate.type.StringType@a1c8eef
2019-11-12 19:24:07,587 DEBUG [org.hibernate.type.BasicTypeRegistry] - Adding type registration java.lang.String -> org.hibernate.type.StringType@a1c8eef
2019-11-12 19:24:07,587 DEBUG [org.hibernate.type.BasicTypeRegistry] - Adding type registration nstring -> org.hibernate.type.StringNVarcharType@7acad51a
2019-11-12 19:24:07,587 DEBUG [org.hibernate.type.BasicTypeRegistry] - Adding type registration ncharacter -> org.hibernate.type.CharacterNCharType@1aed616e
2019-11-12 19:24:07,587 DEBUG [org.hibernate.type.BasicTypeRegistry] - Adding type registration url -> org.hibernate.type.UrlType@756222b7
2019-11-12 19:24:07,587 DEBUG [org.hibernate.type.BasicTypeRegistry] - Adding type registration java.net.URL -> org.hibernate.type.UrlType@756222b7
2019-11-12 19:24:07,587 DEBUG [org.hibernate.type.BasicTypeRegistry] - Adding type registration Duration -> org.hibernate.type.DurationType@433832c1
2019-11-12 19:24:07,588 DEBUG [org.hibernate.type.BasicTypeRegistry] - Adding type registration java.time.Duration -> org.hibernate.type.DurationType@433832c1
2019-11-12 19:24:07,588 DEBUG [org.hibernate.type.BasicTypeRegistry] - Adding type registration Instant -> org.hibernate.type.InstantType@7c5d2f26
2019-11-12 19:24:07,588 DEBUG [org.hibernate.type.BasicTypeRegistry] - Adding type registration java.time.Instant -> org.hibernate.type.InstantType@7c5d2f26
2019-11-12 19:24:07,588 DEBUG [org.hibernate.type.BasicTypeRegistry] - Adding type registration LocalDateTime -> org.hibernate.type.LocalDateTimeType@1287a0be
2019-11-12 19:24:07,588 DEBUG [org.hibernate.type.BasicTypeRegistry] - Adding type registration java.time.LocalDateTime -> org.hibernate.type.LocalDateTimeType@1287a0be
2019-11-12 19:24:07,588 DEBUG [org.hibernate.type.BasicTypeRegistry] - Adding type registration LocalDate -> org.hibernate.type.LocalDateType@55815b6b
2019-11-12 19:24:07,588 DEBUG [org.hibernate.type.BasicTypeRegistry] - Adding type registration java.time.LocalDate -> org.hibernate.type.LocalDateType@55815b6b
2019-11-12 19:24:07,588 DEBUG [org.hibernate.type.BasicTypeRegistry] - Adding type registration LocalTime -> org.hibernate.type.LocalTimeType@762fd33
2019-11-12 19:24:07,588 DEBUG [org.hibernate.type.BasicTypeRegistry] - Adding type registration java.time.LocalTime -> org.hibernate.type.LocalTimeType@762fd33
2019-11-12 19:24:07,588 DEBUG [org.hibernate.type.BasicTypeRegistry] - Adding type registration OffsetDateTime -> org.hibernate.type.OffsetDateTimeType@5a59ff68
2019-11-12 19:24:07,588 DEBUG [org.hibernate.type.BasicTypeRegistry] - Adding type registration java.time.OffsetDateTime -> org.hibernate.type.OffsetDateTimeType@5a59ff68
2019-11-12 19:24:07,588 DEBUG [org.hibernate.type.BasicTypeRegistry] - Adding type registration OffsetTime -> org.hibernate.type.OffsetTimeType@514ae96
2019-11-12 19:24:07,588 DEBUG [org.hibernate.type.BasicTypeRegistry] - Adding type registration java.time.OffsetTime -> org.hibernate.type.OffsetTimeType@514ae96
2019-11-12 19:24:07,588 DEBUG [org.hibernate.type.BasicTypeRegistry] - Adding type registration ZonedDateTime -> org.hibernate.type.ZonedDateTimeType@39525466
2019-11-12 19:24:07,588 DEBUG [org.hibernate.type.BasicTypeRegistry] - Adding type registration java.time.ZonedDateTime -> org.hibernate.type.ZonedDateTimeType@39525466
2019-11-12 19:24:07,588 DEBUG [org.hibernate.type.BasicTypeRegistry] - Adding type registration date -> org.hibernate.type.DateType@6723d9cb
2019-11-12 19:24:07,588 DEBUG [org.hibernate.type.BasicTypeRegistry] - Adding type registration java.sql.Date -> org.hibernate.type.DateType@6723d9cb
2019-11-12 19:24:07,588 DEBUG [org.hibernate.type.BasicTypeRegistry] - Adding type registration time -> org.hibernate.type.TimeType@55c4d134
2019-11-12 19:24:07,588 DEBUG [org.hibernate.type.BasicTypeRegistry] - Adding type registration java.sql.Time -> org.hibernate.type.TimeType@55c4d134
2019-11-12 19:24:07,588 DEBUG [org.hibernate.type.BasicTypeRegistry] - Adding type registration timestamp -> org.hibernate.type.TimestampType@3758bf61
2019-11-12 19:24:07,588 DEBUG [org.hibernate.type.BasicTypeRegistry] - Adding type registration java.sql.Timestamp -> org.hibernate.type.TimestampType@3758bf61
2019-11-12 19:24:07,588 DEBUG [org.hibernate.type.BasicTypeRegistry] - Adding type registration java.util.Date -> org.hibernate.type.TimestampType@3758bf61
2019-11-12 19:24:07,588 DEBUG [org.hibernate.type.BasicTypeRegistry] - Adding type registration dbtimestamp -> org.hibernate.type.DbTimestampType@76205ab5
2019-11-12 19:24:07,588 DEBUG [org.hibernate.type.BasicTypeRegistry] - Adding type registration calendar -> org.hibernate.type.CalendarType@13e7a61d
2019-11-12 19:24:07,589 DEBUG [org.hibernate.type.BasicTypeRegistry] - Adding type registration java.util.Calendar -> org.hibernate.type.CalendarType@13e7a61d
2019-11-12 19:24:07,589 DEBUG [org.hibernate.type.BasicTypeRegistry] - Adding type registration java.util.GregorianCalendar -> org.hibernate.type.CalendarType@13e7a61d
2019-11-12 19:24:07,589 DEBUG [org.hibernate.type.BasicTypeRegistry] - Adding type registration calendar_date -> org.hibernate.type.CalendarDateType@51ebc2a6
2019-11-12 19:24:07,589 DEBUG [org.hibernate.type.BasicTypeRegistry] - Adding type registration locale -> org.hibernate.type.LocaleType@5507a6b4
2019-11-12 19:24:07,589 DEBUG [org.hibernate.type.BasicTypeRegistry] - Adding type registration java.util.Locale -> org.hibernate.type.LocaleType@5507a6b4
2019-11-12 19:24:07,589 DEBUG [org.hibernate.type.BasicTypeRegistry] - Adding type registration currency -> org.hibernate.type.CurrencyType@e27e656
2019-11-12 19:24:07,589 DEBUG [org.hibernate.type.BasicTypeRegistry] - Adding type registration java.util.Currency -> org.hibernate.type.CurrencyType@e27e656
2019-11-12 19:24:07,589 DEBUG [org.hibernate.type.BasicTypeRegistry] - Adding type registration timezone -> org.hibernate.type.TimeZoneType@4e91afa9
2019-11-12 19:24:07,589 DEBUG [org.hibernate.type.BasicTypeRegistry] - Adding type registration java.util.TimeZone -> org.hibernate.type.TimeZoneType@4e91afa9
2019-11-12 19:24:07,589 DEBUG [org.hibernate.type.BasicTypeRegistry] - Adding type registration class -> org.hibernate.type.ClassType@461b9096
2019-11-12 19:24:07,589 DEBUG [org.hibernate.type.BasicTypeRegistry] - Adding type registration java.lang.Class -> org.hibernate.type.ClassType@461b9096
2019-11-12 19:24:07,589 DEBUG [org.hibernate.type.BasicTypeRegistry] - Adding type registration uuid-binary -> org.hibernate.type.UUIDBinaryType@2423c25f
2019-11-12 19:24:07,589 DEBUG [org.hibernate.type.BasicTypeRegistry] - Adding type registration java.util.UUID -> org.hibernate.type.UUIDBinaryType@2423c25f
2019-11-12 19:24:07,589 DEBUG [org.hibernate.type.BasicTypeRegistry] - Adding type registration uuid-char -> org.hibernate.type.UUIDCharType@1d921393
2019-11-12 19:24:07,589 DEBUG [org.hibernate.type.BasicTypeRegistry] - Adding type registration binary -> org.hibernate.type.BinaryType@25088ae0
2019-11-12 19:24:07,589 DEBUG [org.hibernate.type.BasicTypeRegistry] - Adding type registration byte[] -> org.hibernate.type.BinaryType@25088ae0
2019-11-12 19:24:07,589 DEBUG [org.hibernate.type.BasicTypeRegistry] - Adding type registration [B -> org.hibernate.type.BinaryType@25088ae0
2019-11-12 19:24:07,589 DEBUG [org.hibernate.type.BasicTypeRegistry] - Adding type registration wrapper-binary -> org.hibernate.type.WrapperBinaryType@285f43bd
2019-11-12 19:24:07,589 DEBUG [org.hibernate.type.BasicTypeRegistry] - Adding type registration Byte[] -> org.hibernate.type.WrapperBinaryType@285f43bd
2019-11-12 19:24:07,589 DEBUG [org.hibernate.type.BasicTypeRegistry] - Adding type registration [Ljava.lang.Byte; -> org.hibernate.type.WrapperBinaryType@285f43bd
2019-11-12 19:24:07,589 DEBUG [org.hibernate.type.BasicTypeRegistry] - Adding type registration row_version -> org.hibernate.type.RowVersionType@23f804d3
2019-11-12 19:24:07,590 DEBUG [org.hibernate.type.BasicTypeRegistry] - Adding type registration image -> org.hibernate.type.ImageType@34eeee39
2019-11-12 19:24:07,590 DEBUG [org.hibernate.type.BasicTypeRegistry] - Adding type registration characters -> org.hibernate.type.CharArrayType@48d5b844
2019-11-12 19:24:07,590 DEBUG [org.hibernate.type.BasicTypeRegistry] - Adding type registration char[] -> org.hibernate.type.CharArrayType@48d5b844
2019-11-12 19:24:07,590 DEBUG [org.hibernate.type.BasicTypeRegistry] - Adding type registration [C -> org.hibernate.type.CharArrayType@48d5b844
2019-11-12 19:24:07,590 DEBUG [org.hibernate.type.BasicTypeRegistry] - Adding type registration wrapper-characters -> org.hibernate.type.CharacterArrayType@4174306c
2019-11-12 19:24:07,590 DEBUG [org.hibernate.type.BasicTypeRegistry] - Adding type registration [Ljava.lang.Character; -> org.hibernate.type.CharacterArrayType@4174306c
2019-11-12 19:24:07,590 DEBUG [org.hibernate.type.BasicTypeRegistry] - Adding type registration Character[] -> org.hibernate.type.CharacterArrayType@4174306c
2019-11-12 19:24:07,590 DEBUG [org.hibernate.type.BasicTypeRegistry] - Adding type registration text -> org.hibernate.type.TextType@7a82baa2
2019-11-12 19:24:07,590 DEBUG [org.hibernate.type.BasicTypeRegistry] - Adding type registration ntext -> org.hibernate.type.NTextType@5ddb4738
2019-11-12 19:24:07,590 DEBUG [org.hibernate.type.BasicTypeRegistry] - Adding type registration blob -> org.hibernate.type.BlobType@2f08f7fd
2019-11-12 19:24:07,590 DEBUG [org.hibernate.type.BasicTypeRegistry] - Adding type registration java.sql.Blob -> org.hibernate.type.BlobType@2f08f7fd
2019-11-12 19:24:07,590 DEBUG [org.hibernate.type.BasicTypeRegistry] - Adding type registration materialized_blob -> org.hibernate.type.MaterializedBlobType@351e7177
2019-11-12 19:24:07,590 DEBUG [org.hibernate.type.BasicTypeRegistry] - Adding type registration clob -> org.hibernate.type.ClobType@5cb413f3
2019-11-12 19:24:07,590 DEBUG [org.hibernate.type.BasicTypeRegistry] - Adding type registration java.sql.Clob -> org.hibernate.type.ClobType@5cb413f3
2019-11-12 19:24:07,590 DEBUG [org.hibernate.type.BasicTypeRegistry] - Adding type registration nclob -> org.hibernate.type.NClobType@14b84196
2019-11-12 19:24:07,590 DEBUG [org.hibernate.type.BasicTypeRegistry] - Adding type registration java.sql.NClob -> org.hibernate.type.NClobType@14b84196
2019-11-12 19:24:07,590 DEBUG [org.hibernate.type.BasicTypeRegistry] - Adding type registration materialized_clob -> org.hibernate.type.MaterializedClobType@4b99cb6a
2019-11-12 19:24:07,590 DEBUG [org.hibernate.type.BasicTypeRegistry] - Adding type registration materialized_nclob -> org.hibernate.type.MaterializedNClobType@49504858
2019-11-12 19:24:07,590 DEBUG [org.hibernate.type.BasicTypeRegistry] - Adding type registration serializable -> org.hibernate.type.SerializableType@8253e0a
2019-11-12 19:24:07,590 DEBUG [org.hibernate.type.BasicTypeRegistry] - Adding type registration object -> org.hibernate.type.ObjectType@63884610
2019-11-12 19:24:07,590 DEBUG [org.hibernate.type.BasicTypeRegistry] - Adding type registration java.lang.Object -> org.hibernate.type.ObjectType@63884610
2019-11-12 19:24:07,590 DEBUG [org.hibernate.type.BasicTypeRegistry] - Adding type registration imm_date -> org.hibernate.type.AdaptedImmutableType@6d9be8ff
2019-11-12 19:24:07,591 DEBUG [org.hibernate.type.BasicTypeRegistry] - Adding type registration imm_time -> org.hibernate.type.AdaptedImmutableType@1d345b56
2019-11-12 19:24:07,591 DEBUG [org.hibernate.type.BasicTypeRegistry] - Adding type registration imm_timestamp -> org.hibernate.type.AdaptedImmutableType@6497224d
2019-11-12 19:24:07,591 DEBUG [org.hibernate.type.BasicTypeRegistry] - Adding type registration imm_dbtimestamp -> org.hibernate.type.AdaptedImmutableType@5a3a4f46
2019-11-12 19:24:07,591 DEBUG [org.hibernate.type.BasicTypeRegistry] - Adding type registration imm_calendar -> org.hibernate.type.AdaptedImmutableType@685498ee
2019-11-12 19:24:07,591 DEBUG [org.hibernate.type.BasicTypeRegistry] - Adding type registration imm_calendar_date -> org.hibernate.type.AdaptedImmutableType@57059059
2019-11-12 19:24:07,591 DEBUG [org.hibernate.type.BasicTypeRegistry] - Adding type registration imm_binary -> org.hibernate.type.AdaptedImmutableType@a5d45be
2019-11-12 19:24:07,591 DEBUG [org.hibernate.type.BasicTypeRegistry] - Adding type registration imm_serializable -> org.hibernate.type.AdaptedImmutableType@2157bcc
2019-11-12 19:24:38,354 WARN [com.mchange.v2.resourcepool.BasicResourcePool] - com.mchange.v2.resourcepool.BasicResourcePool$ScatteredAcquireTask@606612bb -- Acquisition Attempt Failed!!! Clearing pending acquires. While trying to acquire a needed new resource, we failed to succeed more than the maximum number of allowed acquisition attempts (30). Last acquisition attempt exception: 
com.mysql.jdbc.exceptions.jdbc4.MySQLNonTransientConnectionException: Could not create connection to database server.
	at sun.reflect.GeneratedConstructorAccessor30.newInstance(Unknown Source)
	at sun.reflect.DelegatingConstructorAccessorImpl.newInstance(DelegatingConstructorAccessorImpl.java:45)
	at java.lang.reflect.Constructor.newInstance(Constructor.java:423)
	at com.mysql.jdbc.Util.handleNewInstance(Util.java:404)
	at com.mysql.jdbc.Util.getInstance(Util.java:387)
	at com.mysql.jdbc.SQLError.createSQLException(SQLError.java:917)
	at com.mysql.jdbc.SQLError.createSQLException(SQLError.java:896)
	at com.mysql.jdbc.SQLError.createSQLException(SQLError.java:885)
	at com.mysql.jdbc.SQLError.createSQLException(SQLError.java:860)
	at com.mysql.jdbc.ConnectionImpl.connectOneTryOnly(ConnectionImpl.java:2330)
	at com.mysql.jdbc.ConnectionImpl.createNewIO(ConnectionImpl.java:2083)
	at com.mysql.jdbc.ConnectionImpl.<init>(ConnectionImpl.java:806)
	at com.mysql.jdbc.JDBC4Connection.<init>(JDBC4Connection.java:47)
	at sun.reflect.GeneratedConstructorAccessor21.newInstance(Unknown Source)
	at sun.reflect.DelegatingConstructorAccessorImpl.newInstance(DelegatingConstructorAccessorImpl.java:45)
	at java.lang.reflect.Constructor.newInstance(Constructor.java:423)
	at com.mysql.jdbc.Util.handleNewInstance(Util.java:404)
	at com.mysql.jdbc.ConnectionImpl.getInstance(ConnectionImpl.java:410)
	at com.mysql.jdbc.NonRegisteringDriver.connect(NonRegisteringDriver.java:328)
	at com.mchange.v2.c3p0.DriverManagerDataSource.getConnection(DriverManagerDataSource.java:146)
	at com.mchange.v2.c3p0.WrapperConnectionPoolDataSource.getPooledConnection(WrapperConnectionPoolDataSource.java:195)
	at com.mchange.v2.c3p0.WrapperConnectionPoolDataSource.getPooledConnection(WrapperConnectionPoolDataSource.java:184)
	at com.mchange.v2.c3p0.impl.C3P0PooledConnectionPool$1PooledConnectionResourcePoolManager.acquireResource(C3P0PooledConnectionPool.java:200)
	at com.mchange.v2.resourcepool.BasicResourcePool.doAcquire(BasicResourcePool.java:1086)
	at com.mchange.v2.resourcepool.BasicResourcePool.doAcquireAndDecrementPendingAcquiresWithinLockOnSuccess(BasicResourcePool.java:1073)
	at com.mchange.v2.resourcepool.BasicResourcePool.access$800(BasicResourcePool.java:44)
	at com.mchange.v2.resourcepool.BasicResourcePool$ScatteredAcquireTask.run(BasicResourcePool.java:1810)
	at com.mchange.v2.async.ThreadPoolAsynchronousRunner$PoolThread.run(ThreadPoolAsynchronousRunner.java:648)
Caused by: java.lang.NullPointerException
	at com.mysql.jdbc.ConnectionImpl.getServerCharset(ConnectionImpl.java:2997)
	at com.mysql.jdbc.MysqlIO.sendConnectionAttributes(MysqlIO.java:1936)
	at com.mysql.jdbc.MysqlIO.proceedHandshakeWithPluggableAuthentication(MysqlIO.java:1865)
	at com.mysql.jdbc.MysqlIO.doHandshake(MysqlIO.java:1228)
	at com.mysql.jdbc.ConnectionImpl.coreConnect(ConnectionImpl.java:2253)
	at com.mysql.jdbc.ConnectionImpl.connectOneTryOnly(ConnectionImpl.java:2284)
	... 18 more
2019-11-12 19:24:38,355 WARN [com.mchange.v2.resourcepool.BasicResourcePool] - Having failed to acquire a resource, com.mchange.v2.resourcepool.BasicResourcePool@291068dc is interrupting all Threads waiting on a resource to check out. Will try again in response to new client requests.
2019-11-12 19:24:38,355 WARN [org.hibernate.engine.jdbc.env.internal.JdbcEnvironmentInitiator] - HHH000342: Could not obtain connection to query metadata : Connections could not be acquired from the underlying database!
2019-11-12 19:24:38,377 TRACE [org.hibernate.type.TypeFactory] - Scoping types to session factory org.hibernate.internal.SessionFactoryImpl@3aa940d1
2019-11-12 19:25:09,116 WARN [com.mchange.v2.resourcepool.BasicResourcePool] - com.mchange.v2.resourcepool.BasicResourcePool$ScatteredAcquireTask@371323c0 -- Acquisition Attempt Failed!!! Clearing pending acquires. While trying to acquire a needed new resource, we failed to succeed more than the maximum number of allowed acquisition attempts (30). Last acquisition attempt exception: 
com.mysql.jdbc.exceptions.jdbc4.MySQLNonTransientConnectionException: Could not create connection to database server.
	at sun.reflect.GeneratedConstructorAccessor30.newInstance(Unknown Source)
	at sun.reflect.DelegatingConstructorAccessorImpl.newInstance(DelegatingConstructorAccessorImpl.java:45)
	at java.lang.reflect.Constructor.newInstance(Constructor.java:423)
	at com.mysql.jdbc.Util.handleNewInstance(Util.java:404)
	at com.mysql.jdbc.Util.getInstance(Util.java:387)
	at com.mysql.jdbc.SQLError.createSQLException(SQLError.java:917)
	at com.mysql.jdbc.SQLError.createSQLException(SQLError.java:896)
	at com.mysql.jdbc.SQLError.createSQLException(SQLError.java:885)
	at com.mysql.jdbc.SQLError.createSQLException(SQLError.java:860)
	at com.mysql.jdbc.ConnectionImpl.connectOneTryOnly(ConnectionImpl.java:2330)
	at com.mysql.jdbc.ConnectionImpl.createNewIO(ConnectionImpl.java:2083)
	at com.mysql.jdbc.ConnectionImpl.<init>(ConnectionImpl.java:806)
	at com.mysql.jdbc.JDBC4Connection.<init>(JDBC4Connection.java:47)
	at sun.reflect.GeneratedConstructorAccessor21.newInstance(Unknown Source)
	at sun.reflect.DelegatingConstructorAccessorImpl.newInstance(DelegatingConstructorAccessorImpl.java:45)
	at java.lang.reflect.Constructor.newInstance(Constructor.java:423)
	at com.mysql.jdbc.Util.handleNewInstance(Util.java:404)
	at com.mysql.jdbc.ConnectionImpl.getInstance(ConnectionImpl.java:410)
	at com.mysql.jdbc.NonRegisteringDriver.connect(NonRegisteringDriver.java:328)
	at com.mchange.v2.c3p0.DriverManagerDataSource.getConnection(DriverManagerDataSource.java:146)
	at com.mchange.v2.c3p0.WrapperConnectionPoolDataSource.getPooledConnection(WrapperConnectionPoolDataSource.java:195)
	at com.mchange.v2.c3p0.WrapperConnectionPoolDataSource.getPooledConnection(WrapperConnectionPoolDataSource.java:184)
	at com.mchange.v2.c3p0.impl.C3P0PooledConnectionPool$1PooledConnectionResourcePoolManager.acquireResource(C3P0PooledConnectionPool.java:200)
	at com.mchange.v2.resourcepool.BasicResourcePool.doAcquire(BasicResourcePool.java:1086)
	at com.mchange.v2.resourcepool.BasicResourcePool.doAcquireAndDecrementPendingAcquiresWithinLockOnSuccess(BasicResourcePool.java:1073)
	at com.mchange.v2.resourcepool.BasicResourcePool.access$800(BasicResourcePool.java:44)
	at com.mchange.v2.resourcepool.BasicResourcePool$ScatteredAcquireTask.run(BasicResourcePool.java:1810)
	at com.mchange.v2.async.ThreadPoolAsynchronousRunner$PoolThread.run(ThreadPoolAsynchronousRunner.java:648)
Caused by: java.lang.NullPointerException
	at com.mysql.jdbc.ConnectionImpl.getServerCharset(ConnectionImpl.java:2997)
	at com.mysql.jdbc.MysqlIO.sendConnectionAttributes(MysqlIO.java:1936)
	at com.mysql.jdbc.MysqlIO.proceedHandshakeWithPluggableAuthentication(MysqlIO.java:1865)
	at com.mysql.jdbc.MysqlIO.doHandshake(MysqlIO.java:1228)
	at com.mysql.jdbc.ConnectionImpl.coreConnect(ConnectionImpl.java:2253)
	at com.mysql.jdbc.ConnectionImpl.connectOneTryOnly(ConnectionImpl.java:2284)
	... 18 more
2019-11-12 19:25:09,117 WARN [com.mchange.v2.resourcepool.BasicResourcePool] - Having failed to acquire a resource, com.mchange.v2.resourcepool.BasicResourcePool@291068dc is interrupting all Threads waiting on a resource to check out. Will try again in response to new client requests.
2019-11-12 19:25:09,117 WARN [org.hibernate.engine.jdbc.spi.SqlExceptionHelper] - SQL Error: 0, SQLState: null
2019-11-12 19:25:09,117 ERROR [org.hibernate.engine.jdbc.spi.SqlExceptionHelper] - Connections could not be acquired from the underlying database!
]]></system-out>
  <system-err><![CDATA[Tue Nov 12 19:23:06 EST 2019 WARN: Establishing SSL connection without server's identity verification is not recommended. According to MySQL 5.5.45+, 5.6.26+ and 5.7.6+ requirements SSL connection must be established by default if explicit option isn't set. For compliance with existing applications not using SSL the verifyServerCertificate property is set to 'false'. You need either to explicitly disable SSL by setting useSSL=false, or set useSSL=true and provide truststore for server certificate verification.
Tue Nov 12 19:23:07 EST 2019 WARN: Establishing SSL connection without server's identity verification is not recommended. According to MySQL 5.5.45+, 5.6.26+ and 5.7.6+ requirements SSL connection must be established by default if explicit option isn't set. For compliance with existing applications not using SSL the verifyServerCertificate property is set to 'false'. You need either to explicitly disable SSL by setting useSSL=false, or set useSSL=true and provide truststore for server certificate verification.
Tue Nov 12 19:23:08 EST 2019 WARN: Establishing SSL connection without server's identity verification is not recommended. According to MySQL 5.5.45+, 5.6.26+ and 5.7.6+ requirements SSL connection must be established by default if explicit option isn't set. For compliance with existing applications not using SSL the verifyServerCertificate property is set to 'false'. You need either to explicitly disable SSL by setting useSSL=false, or set useSSL=true and provide truststore for server certificate verification.
Tue Nov 12 19:23:09 EST 2019 WARN: Establishing SSL connection without server's identity verification is not recommended. According to MySQL 5.5.45+, 5.6.26+ and 5.7.6+ requirements SSL connection must be established by default if explicit option isn't set. For compliance with existing applications not using SSL the verifyServerCertificate property is set to 'false'. You need either to explicitly disable SSL by setting useSSL=false, or set useSSL=true and provide truststore for server certificate verification.
Tue Nov 12 19:23:10 EST 2019 WARN: Establishing SSL connection without server's identity verification is not recommended. According to MySQL 5.5.45+, 5.6.26+ and 5.7.6+ requirements SSL connection must be established by default if explicit option isn't set. For compliance with existing applications not using SSL the verifyServerCertificate property is set to 'false'. You need either to explicitly disable SSL by setting useSSL=false, or set useSSL=true and provide truststore for server certificate verification.
Tue Nov 12 19:23:11 EST 2019 WARN: Establishing SSL connection without server's identity verification is not recommended. According to MySQL 5.5.45+, 5.6.26+ and 5.7.6+ requirements SSL connection must be established by default if explicit option isn't set. For compliance with existing applications not using SSL the verifyServerCertificate property is set to 'false'. You need either to explicitly disable SSL by setting useSSL=false, or set useSSL=true and provide truststore for server certificate verification.
Tue Nov 12 19:23:12 EST 2019 WARN: Establishing SSL connection without server's identity verification is not recommended. According to MySQL 5.5.45+, 5.6.26+ and 5.7.6+ requirements SSL connection must be established by default if explicit option isn't set. For compliance with existing applications not using SSL the verifyServerCertificate property is set to 'false'. You need either to explicitly disable SSL by setting useSSL=false, or set useSSL=true and provide truststore for server certificate verification.
Tue Nov 12 19:23:13 EST 2019 WARN: Establishing SSL connection without server's identity verification is not recommended. According to MySQL 5.5.45+, 5.6.26+ and 5.7.6+ requirements SSL connection must be established by default if explicit option isn't set. For compliance with existing applications not using SSL the verifyServerCertificate property is set to 'false'. You need either to explicitly disable SSL by setting useSSL=false, or set useSSL=true and provide truststore for server certificate verification.
Tue Nov 12 19:23:14 EST 2019 WARN: Establishing SSL connection without server's identity verification is not recommended. According to MySQL 5.5.45+, 5.6.26+ and 5.7.6+ requirements SSL connection must be established by default if explicit option isn't set. For compliance with existing applications not using SSL the verifyServerCertificate property is set to 'false'. You need either to explicitly disable SSL by setting useSSL=false, or set useSSL=true and provide truststore for server certificate verification.
Tue Nov 12 19:23:15 EST 2019 WARN: Establishing SSL connection without server's identity verification is not recommended. According to MySQL 5.5.45+, 5.6.26+ and 5.7.6+ requirements SSL connection must be established by default if explicit option isn't set. For compliance with existing applications not using SSL the verifyServerCertificate property is set to 'false'. You need either to explicitly disable SSL by setting useSSL=false, or set useSSL=true and provide truststore for server certificate verification.
Tue Nov 12 19:23:16 EST 2019 WARN: Establishing SSL connection without server's identity verification is not recommended. According to MySQL 5.5.45+, 5.6.26+ and 5.7.6+ requirements SSL connection must be established by default if explicit option isn't set. For compliance with existing applications not using SSL the verifyServerCertificate property is set to 'false'. You need either to explicitly disable SSL by setting useSSL=false, or set useSSL=true and provide truststore for server certificate verification.
Tue Nov 12 19:23:17 EST 2019 WARN: Establishing SSL connection without server's identity verification is not recommended. According to MySQL 5.5.45+, 5.6.26+ and 5.7.6+ requirements SSL connection must be established by default if explicit option isn't set. For compliance with existing applications not using SSL the verifyServerCertificate property is set to 'false'. You need either to explicitly disable SSL by setting useSSL=false, or set useSSL=true and provide truststore for server certificate verification.
Tue Nov 12 19:23:18 EST 2019 WARN: Establishing SSL connection without server's identity verification is not recommended. According to MySQL 5.5.45+, 5.6.26+ and 5.7.6+ requirements SSL connection must be established by default if explicit option isn't set. For compliance with existing applications not using SSL the verifyServerCertificate property is set to 'false'. You need either to explicitly disable SSL by setting useSSL=false, or set useSSL=true and provide truststore for server certificate verification.
Tue Nov 12 19:23:19 EST 2019 WARN: Establishing SSL connection without server's identity verification is not recommended. According to MySQL 5.5.45+, 5.6.26+ and 5.7.6+ requirements SSL connection must be established by default if explicit option isn't set. For compliance with existing applications not using SSL the verifyServerCertificate property is set to 'false'. You need either to explicitly disable SSL by setting useSSL=false, or set useSSL=true and provide truststore for server certificate verification.
[...]
Tue Nov 12 19:24:50 EST 2019 WARN: Establishing SSL connection without server's identity verification is not recommended. According to MySQL 5.5.45+, 5.6.26+ and 5.7.6+ requirements SSL connection must be established by default if explicit option isn't set. For compliance with existing applications not using SSL the verifyServerCertificate property is set to 'false'. You need either to explicitly disable SSL by setting useSSL=false, or set useSSL=true and provide truststore for server certificate verification.
Tue Nov 12 19:24:50 EST 2019 WARN: Establishing SSL connection without server's identity verification is not recommended. According to MySQL 5.5.45+, 5.6.26+ and 5.7.6+ requirements SSL connection must be established by default if explicit option isn't set. For compliance with existing applications not using SSL the verifyServerCertificate property is set to 'false'. You need either to explicitly disable SSL by setting useSSL=false, or set useSSL=true and provide truststore for server certificate verification.
Tue Nov 12 19:24:51 EST 2019 WARN: Establishing SSL connection without server's identity verification is not recommended. According to MySQL 5.5.45+, 5.6.26+ and 5.7.6+ requirements SSL connection must be established by default if explicit option isn't set. For compliance with existing applications not using SSL the verifyServerCertificate property is set to 'false'. You need either to explicitly disable SSL by setting useSSL=false, or set useSSL=true and provide truststore for server certificate verification.
Tue Nov 12 19:24:51 EST 2019 WARN: Establishing SSL connection without server's identity verification is not recommended. According to MySQL 5.5.45+, 5.6.26+ and 5.7.6+ requirements SSL connection must be established by default if explicit option isn't set. For compliance with existing applications not using SSL the verifyServerCertificate property is set to 'false'. You need either to explicitly disable SSL by setting useSSL=false, or set useSSL=true and provide truststore for server certificate verification.
Tue Nov 12 19:24:52 EST 2019 WARN: Establishing SSL connection without server's identity verification is not recommended. According to MySQL 5.5.45+, 5.6.26+ and 5.7.6+ requirements SSL connection must be established by default if explicit option isn't set. For compliance with existing applications not using SSL the verifyServerCertificate property is set to 'false'. You need either to explicitly disable SSL by setting useSSL=false, or set useSSL=true and provide truststore for server certificate verification.
Tue Nov 12 19:24:52 EST 2019 WARN: Establishing SSL connection without server's identity verification is not recommended. According to MySQL 5.5.45+, 5.6.26+ and 5.7.6+ requirements SSL connection must be established by default if explicit option isn't set. For compliance with existing applications not using SSL the verifyServerCertificate property is set to 'false'. You need either to explicitly disable SSL by setting useSSL=false, or set useSSL=true and provide truststore for server certificate verification.
Tue Nov 12 19:24:53 EST 2019 WARN: Establishing SSL connection without server's identity verification is not recommended. According to MySQL 5.5.45+, 5.6.26+ and 5.7.6+ requirements SSL connection must be established by default if explicit option isn't set. For compliance with existing applications not using SSL the verifyServerCertificate property is set to 'false'. You need either to explicitly disable SSL by setting useSSL=false, or set useSSL=true and provide truststore for server certificate verification.
Tue Nov 12 19:24:53 EST 2019 WARN: Establishing SSL connection without server's identity verification is not recommended. According to MySQL 5.5.45+, 5.6.26+ and 5.7.6+ requirements SSL connection must be established by default if explicit option isn't set. For compliance with existing applications not using SSL the verifyServerCertificate property is set to 'false'. You need either to explicitly disable SSL by setting useSSL=false, or set useSSL=true and provide truststore for server certificate verification.
Tue Nov 12 19:24:54 EST 2019 WARN: Establishing SSL connection without server's identity verification is not recommended. According to MySQL 5.5.45+, 5.6.26+ and 5.7.6+ requirements SSL connection must be established by default if explicit option isn't set. For compliance with existing applications not using SSL the verifyServerCertificate property is set to 'false'. You need either to explicitly disable SSL by setting useSSL=false, or set useSSL=true and provide truststore for server certificate verification.
Tue Nov 12 19:24:54 EST 2019 WARN: Establishing SSL connection without server's identity verification is not recommended. According to MySQL 5.5.45+, 5.6.26+ and 5.7.6+ requirements SSL connection must be established by default if explicit option isn't set. For compliance with existing applications not using SSL the verifyServerCertificate property is set to 'false'. You need either to explicitly disable SSL by setting useSSL=false, or set useSSL=true and provide truststore for server certificate verification.
Tue Nov 12 19:24:55 EST 2019 WARN: Establishing SSL connection without server's identity verification is not recommended. According to MySQL 5.5.45+, 5.6.26+ and 5.7.6+ requirements SSL connection must be established by default if explicit option isn't set. For compliance with existing applications not using SSL the verifyServerCertificate property is set to 'false'. You need either to explicitly disable SSL by setting useSSL=false, or set useSSL=true and provide truststore for server certificate verification.
Tue Nov 12 19:24:55 EST 2019 WARN: Establishing SSL connection without server's identity verification is not recommended. According to MySQL 5.5.45+, 5.6.26+ and 5.7.6+ requirements SSL connection must be established by default if explicit option isn't set. For compliance with existing applications not using SSL the verifyServerCertificate property is set to 'false'. You need either to explicitly disable SSL by setting useSSL=false, or set useSSL=true and provide truststore for server certificate verification.
Tue Nov 12 19:24:56 EST 2019 WARN: Establishing SSL connection without server's identity verification is not recommended. According to MySQL 5.5.45+, 5.6.26+ and 5.7.6+ requirements SSL connection must be established by default if explicit option isn't set. For compliance with existing applications not using SSL the verifyServerCertificate property is set to 'false'. You need either to explicitly disable SSL by setting useSSL=false, or set useSSL=true and provide truststore for server certificate verification.
Tue Nov 12 19:24:56 EST 2019 WARN: Establishing SSL connection without server's identity verification is not recommended. According to MySQL 5.5.45+, 5.6.26+ and 5.7.6+ requirements SSL connection must be established by default if explicit option isn't set. For compliance with existing applications not using SSL the verifyServerCertificate property is set to 'false'. You need either to explicitly disable SSL by setting useSSL=false, or set useSSL=true and provide truststore for server certificate verification.
Tue Nov 12 19:24:57 EST 2019 WARN: Establishing SSL connection without server's identity verification is not recommended. According to MySQL 5.5.45+, 5.6.26+ and 5.7.6+ requirements SSL connection must be established by default if explicit option isn't set. For compliance with existing applications not using SSL the verifyServerCertificate property is set to 'false'. You need either to explicitly disable SSL by setting useSSL=false, or set useSSL=true and provide truststore for server certificate verification.
Tue Nov 12 19:24:57 EST 2019 WARN: Establishing SSL connection without server's identity verification is not recommended. According to MySQL 5.5.45+, 5.6.26+ and 5.7.6+ requirements SSL connection must be established by default if explicit option isn't set. For compliance with existing applications not using SSL the verifyServerCertificate property is set to 'false'. You need either to explicitly disable SSL by setting useSSL=false, or set useSSL=true and provide truststore for server certificate verification.
Tue Nov 12 19:24:58 EST 2019 WARN: Establishing SSL connection without server's identity verification is not recommended. According to MySQL 5.5.45+, 5.6.26+ and 5.7.6+ requirements SSL connection must be established by default if explicit option isn't set. For compliance with existing applications not using SSL the verifyServerCertificate property is set to 'false'. You need either to explicitly disable SSL by setting useSSL=false, or set useSSL=true and provide truststore for server certificate verification.
Tue Nov 12 19:24:58 EST 2019 WARN: Establishing SSL connection without server's identity verification is not recommended. According to MySQL 5.5.45+, 5.6.26+ and 5.7.6+ requirements SSL connection must be established by default if explicit option isn't set. For compliance with existing applications not using SSL the verifyServerCertificate property is set to 'false'. You need either to explicitly disable SSL by setting useSSL=false, or set useSSL=true and provide truststore for server certificate verification.
Tue Nov 12 19:24:59 EST 2019 WARN: Establishing SSL connection without server's identity verification is not recommended. According to MySQL 5.5.45+, 5.6.26+ and 5.7.6+ requirements SSL connection must be established by default if explicit option isn't set. For compliance with existing applications not using SSL the verifyServerCertificate property is set to 'false'. You need either to explicitly disable SSL by setting useSSL=false, or set useSSL=true and provide truststore for server certificate verification.
Tue Nov 12 19:24:59 EST 2019 WARN: Establishing SSL connection without server's identity verification is not recommended. According to MySQL 5.5.45+, 5.6.26+ and 5.7.6+ requirements SSL connection must be established by default if explicit option isn't set. For compliance with existing applications not using SSL the verifyServerCertificate property is set to 'false'. You need either to explicitly disable SSL by setting useSSL=false, or set useSSL=true and provide truststore for server certificate verification.
Tue Nov 12 19:25:00 EST 2019 WARN: Establishing SSL connection without server's identity verification is not recommended. According to MySQL 5.5.45+, 5.6.26+ and 5.7.6+ requirements SSL connection must be established by default if explicit option isn't set. For compliance with existing applications not using SSL the verifyServerCertificate property is set to 'false'. You need either to explicitly disable SSL by setting useSSL=false, or set useSSL=true and provide truststore for server certificate verification.
Tue Nov 12 19:25:00 EST 2019 WARN: Establishing SSL connection without server's identity verification is not recommended. According to MySQL 5.5.45+, 5.6.26+ and 5.7.6+ requirements SSL connection must be established by default if explicit option isn't set. For compliance with existing applications not using SSL the verifyServerCertificate property is set to 'false'. You need either to explicitly disable SSL by setting useSSL=false, or set useSSL=true and provide truststore for server certificate verification.
Tue Nov 12 19:25:01 EST 2019 WARN: Establishing SSL connection without server's identity verification is not recommended. According to MySQL 5.5.45+, 5.6.26+ and 5.7.6+ requirements SSL connection must be established by default if explicit option isn't set. For compliance with existing applications not using SSL the verifyServerCertificate property is set to 'false'. You need either to explicitly disable SSL by setting useSSL=false, or set useSSL=true and provide truststore for server certificate verification.
Tue Nov 12 19:25:01 EST 2019 WARN: Establishing SSL connection without server's identity verification is not recommended. According to MySQL 5.5.45+, 5.6.26+ and 5.7.6+ requirements SSL connection must be established by default if explicit option isn't set. For compliance with existing applications not using SSL the verifyServerCertificate property is set to 'false'. You need either to explicitly disable SSL by setting useSSL=false, or set useSSL=true and provide truststore for server certificate verification.
Tue Nov 12 19:25:02 EST 2019 WARN: Establishing SSL connection without server's identity verification is not recommended. According to MySQL 5.5.45+, 5.6.26+ and 5.7.6+ requirements SSL connection must be established by default if explicit option isn't set. For compliance with existing applications not using SSL the verifyServerCertificate property is set to 'false'. You need either to explicitly disable SSL by setting useSSL=false, or set useSSL=true and provide truststore for server certificate verification.
Tue Nov 12 19:25:02 EST 2019 WARN: Establishing SSL connection without server's identity verification is not recommended. According to MySQL 5.5.45+, 5.6.26+ and 5.7.6+ requirements SSL connection must be established by default if explicit option isn't set. For compliance with existing applications not using SSL the verifyServerCertificate property is set to 'false'. You need either to explicitly disable SSL by setting useSSL=false, or set useSSL=true and provide truststore for server certificate verification.
Tue Nov 12 19:25:03 EST 2019 WARN: Establishing SSL connection without server's identity verification is not recommended. According to MySQL 5.5.45+, 5.6.26+ and 5.7.6+ requirements SSL connection must be established by default if explicit option isn't set. For compliance with existing applications not using SSL the verifyServerCertificate property is set to 'false'. You need either to explicitly disable SSL by setting useSSL=false, or set useSSL=true and provide truststore for server certificate verification.
Tue Nov 12 19:25:03 EST 2019 WARN: Establishing SSL connection without server's identity verification is not recommended. According to MySQL 5.5.45+, 5.6.26+ and 5.7.6+ requirements SSL connection must be established by default if explicit option isn't set. For compliance with existing applications not using SSL the verifyServerCertificate property is set to 'false'. You need either to explicitly disable SSL by setting useSSL=false, or set useSSL=true and provide truststore for server certificate verification.
Tue Nov 12 19:25:05 EST 2019 WARN: Establishing SSL connection without server's identity verification is not recommended. According to MySQL 5.5.45+, 5.6.26+ and 5.7.6+ requirements SSL connection must be established by default if explicit option isn't set. For compliance with existing applications not using SSL the verifyServerCertificate property is set to 'false'. You need either to explicitly disable SSL by setting useSSL=false, or set useSSL=true and provide truststore for server certificate verification.
Tue Nov 12 19:25:05 EST 2019 WARN: Establishing SSL connection without server's identity verification is not recommended. According to MySQL 5.5.45+, 5.6.26+ and 5.7.6+ requirements SSL connection must be established by default if explicit option isn't set. For compliance with existing applications not using SSL the verifyServerCertificate property is set to 'false'. You need either to explicitly disable SSL by setting useSSL=false, or set useSSL=true and provide truststore for server certificate verification.
Tue Nov 12 19:25:06 EST 2019 WARN: Establishing SSL connection without server's identity verification is not recommended. According to MySQL 5.5.45+, 5.6.26+ and 5.7.6+ requirements SSL connection must be established by default if explicit option isn't set. For compliance with existing applications not using SSL the verifyServerCertificate property is set to 'false'. You need either to explicitly disable SSL by setting useSSL=false, or set useSSL=true and provide truststore for server certificate verification.
Tue Nov 12 19:25:06 EST 2019 WARN: Establishing SSL connection without server's identity verification is not recommended. According to MySQL 5.5.45+, 5.6.26+ and 5.7.6+ requirements SSL connection must be established by default if explicit option isn't set. For compliance with existing applications not using SSL the verifyServerCertificate property is set to 'false'. You need either to explicitly disable SSL by setting useSSL=false, or set useSSL=true and provide truststore for server certificate verification.
Tue Nov 12 19:25:07 EST 2019 WARN: Establishing SSL connection without server's identity verification is not recommended. According to MySQL 5.5.45+, 5.6.26+ and 5.7.6+ requirements SSL connection must be established by default if explicit option isn't set. For compliance with existing applications not using SSL the verifyServerCertificate property is set to 'false'. You need either to explicitly disable SSL by setting useSSL=false, or set useSSL=true and provide truststore for server certificate verification.
Tue Nov 12 19:25:07 EST 2019 WARN: Establishing SSL connection without server's identity verification is not recommended. According to MySQL 5.5.45+, 5.6.26+ and 5.7.6+ requirements SSL connection must be established by default if explicit option isn't set. For compliance with existing applications not using SSL the verifyServerCertificate property is set to 'false'. You need either to explicitly disable SSL by setting useSSL=false, or set useSSL=true and provide truststore for server certificate verification.
Tue Nov 12 19:25:08 EST 2019 WARN: Establishing SSL connection without server's identity verification is not recommended. According to MySQL 5.5.45+, 5.6.26+ and 5.7.6+ requirements SSL connection must be established by default if explicit option isn't set. For compliance with existing applications not using SSL the verifyServerCertificate property is set to 'false'. You need either to explicitly disable SSL by setting useSSL=false, or set useSSL=true and provide truststore for server certificate verification.
Tue Nov 12 19:25:08 EST 2019 WARN: Establishing SSL connection without server's identity verification is not recommended. According to MySQL 5.5.45+, 5.6.26+ and 5.7.6+ requirements SSL connection must be established by default if explicit option isn't set. For compliance with existing applications not using SSL the verifyServerCertificate property is set to 'false'. You need either to explicitly disable SSL by setting useSSL=false, or set useSSL=true and provide truststore for server certificate verification.
Tue Nov 12 19:25:09 EST 2019 WARN: Establishing SSL connection without server's identity verification is not recommended. According to MySQL 5.5.45+, 5.6.26+ and 5.7.6+ requirements SSL connection must be established by default if explicit option isn't set. For compliance with existing applications not using SSL the verifyServerCertificate property is set to 'false'. You need either to explicitly disable SSL by setting useSSL=false, or set useSSL=true and provide truststore for server certificate verification.
Tue Nov 12 19:25:09 EST 2019 WARN: Establishing SSL connection without server's identity verification is not recommended. According to MySQL 5.5.45+, 5.6.26+ and 5.7.6+ requirements SSL connection must be established by default if explicit option isn't set. For compliance with existing applications not using SSL the verifyServerCertificate property is set to 'false'. You need either to explicitly disable SSL by setting useSSL=false, or set useSSL=true and provide truststore for server certificate verification.
]]></system-err>
</testsuite>
